<?xml version="1.0" encoding="UTF-8"?>
<coverage generated="1771281670119" clover="3.2.0">
  <project timestamp="1771281670119" name="All files">
    <metrics statements="423" coveredstatements="381" conditionals="345" coveredconditionals="287" methods="49" coveredmethods="44" elements="817" coveredelements="712" complexity="0" loc="423" ncloc="423" packages="4" files="13" classes="13"/>
    <package name="api">
      <metrics statements="253" coveredstatements="240" conditionals="190" coveredconditionals="169" methods="19" coveredmethods="19"/>
      <file name="analytics.ts" path="/home/runner/work/zardonic-industrial/zardonic-industrial/api/analytics.ts">
        <metrics statements="52" coveredstatements="48" conditionals="36" coveredconditionals="31" methods="4" coveredmethods="4"/>
        <line num="35" count="1" type="stmt"/>
        <line num="38" count="14" type="cond" truecount="4" falsecount="0"/>
        <line num="39" count="1" type="stmt"/>
        <line num="40" count="1" type="stmt"/>
        <line num="43" count="13" type="cond" truecount="2" falsecount="0"/>
        <line num="44" count="1" type="stmt"/>
        <line num="50" count="13" type="stmt"/>
        <line num="55" count="4" type="cond" truecount="1" falsecount="1"/>
        <line num="56" count="4" type="stmt"/>
        <line num="57" count="4" type="stmt"/>
        <line num="58" count="40" type="stmt"/>
        <line num="60" count="4" type="stmt"/>
        <line num="64" count="6" type="stmt"/>
        <line num="65" count="6" type="cond" truecount="2" falsecount="0"/>
        <line num="67" count="4" type="stmt"/>
        <line num="68" count="4" type="cond" truecount="1" falsecount="1"/>
        <line num="70" count="4" type="stmt"/>
        <line num="71" count="4" type="stmt"/>
        <line num="72" count="4" type="cond" truecount="1" falsecount="1"/>
        <line num="73" count="4" type="stmt"/>
        <line num="75" count="0" type="stmt"/>
        <line num="76" count="0" type="stmt"/>
        <line num="88" count="10" type="stmt"/>
        <line num="91" count="10" type="cond" truecount="2" falsecount="0"/>
        <line num="92" count="1" type="stmt"/>
        <line num="98" count="9" type="stmt"/>
        <line num="100" count="9" type="cond" truecount="2" falsecount="0"/>
        <line num="101" count="2" type="stmt"/>
        <line num="103" count="2" type="cond" truecount="2" falsecount="0"/>
        <line num="105" count="1" type="stmt"/>
        <line num="119" count="1" type="stmt"/>
        <line num="122" count="1" type="stmt"/>
        <line num="126" count="7" type="cond" truecount="2" falsecount="0"/>
        <line num="127" count="4" type="stmt"/>
        <line num="129" count="4" type="cond" truecount="2" falsecount="0"/>
        <line num="130" count="1" type="stmt"/>
        <line num="136" count="3" type="stmt"/>
        <line num="138" count="3" type="cond" truecount="2" falsecount="0"/>
        <line num="139" count="1" type="stmt"/>
        <line num="146" count="2" type="cond" truecount="4" falsecount="0"/>
        <line num="147" count="1" type="stmt"/>
        <line num="151" count="2" type="stmt"/>
        <line num="153" count="2" type="stmt"/>
        <line num="157" count="3" type="cond" truecount="2" falsecount="0"/>
        <line num="158" count="2" type="stmt"/>
        <line num="160" count="2" type="cond" truecount="2" falsecount="0"/>
        <line num="161" count="1" type="stmt"/>
        <line num="167" count="1" type="stmt"/>
        <line num="169" count="1" type="stmt"/>
        <line num="173" count="1" type="stmt"/>
        <line num="179" count="0" type="stmt"/>
        <line num="180" count="0" type="stmt"/>
      </file>
      <file name="bandsintown.ts" path="/home/runner/work/zardonic-industrial/zardonic-industrial/api/bandsintown.ts">
        <metrics statements="19" coveredstatements="19" conditionals="8" coveredconditionals="8" methods="1" coveredmethods="1"/>
        <line num="4" count="6" type="stmt"/>
        <line num="6" count="6" type="cond" truecount="4" falsecount="0"/>
        <line num="7" count="1" type="stmt"/>
        <line num="11" count="5" type="stmt"/>
        <line num="12" count="5" type="cond" truecount="2" falsecount="0"/>
        <line num="13" count="1" type="stmt"/>
        <line num="19" count="4" type="stmt"/>
        <line num="20" count="4" type="stmt"/>
        <line num="22" count="4" type="stmt"/>
        <line num="23" count="4" type="stmt"/>
        <line num="32" count="3" type="cond" truecount="2" falsecount="0"/>
        <line num="33" count="1" type="stmt"/>
        <line num="36" count="2" type="stmt"/>
        <line num="37" count="2" type="stmt"/>
        <line num="38" count="2" type="stmt"/>
        <line num="39" count="2" type="stmt"/>
        <line num="41" count="1" type="stmt"/>
        <line num="44" count="1" type="stmt"/>
        <line num="45" count="1" type="stmt"/>
      </file>
      <file name="contact.ts" path="/home/runner/work/zardonic-industrial/zardonic-industrial/api/contact.ts">
        <metrics statements="48" coveredstatements="46" conditionals="26" coveredconditionals="20" methods="3" coveredmethods="3"/>
        <line num="5" count="1" type="stmt"/>
        <line num="6" count="1" type="stmt"/>
        <line num="7" count="1" type="stmt"/>
        <line num="8" count="1" type="stmt"/>
        <line num="11" count="1" type="stmt"/>
        <line num="26" count="1" type="stmt"/>
        <line num="27" count="1" type="stmt"/>
        <line num="29" count="1" type="stmt"/>
        <line num="32" count="16" type="stmt"/>
        <line num="33" count="16" type="stmt"/>
        <line num="35" count="16" type="cond" truecount="4" falsecount="0"/>
        <line num="36" count="11" type="stmt"/>
        <line num="37" count="11" type="stmt"/>
        <line num="40" count="5" type="stmt"/>
        <line num="41" count="5" type="stmt"/>
        <line num="49" count="16" type="stmt"/>
        <line num="50" count="16" type="cond" truecount="1" falsecount="1"/>
        <line num="51" count="0" type="cond" truecount="0" falsecount="4"/>
        <line num="52" count="0" type="stmt"/>
        <line num="57" count="18" type="cond" truecount="2" falsecount="0"/>
        <line num="58" count="1" type="stmt"/>
        <line num="61" count="17" type="cond" truecount="2" falsecount="0"/>
        <line num="62" count="1" type="stmt"/>
        <line num="66" count="16" type="stmt"/>
        <line num="67" count="16" type="cond" truecount="2" falsecount="0"/>
        <line num="68" count="1" type="stmt"/>
        <line num="72" count="15" type="stmt"/>
        <line num="73" count="15" type="cond" truecount="2" falsecount="0"/>
        <line num="74" count="4" type="cond" truecount="1" falsecount="1"/>
        <line num="75" count="4" type="stmt"/>
        <line num="78" count="11" type="stmt"/>
        <line num="81" count="11" type="cond" truecount="2" falsecount="0"/>
        <line num="83" count="1" type="stmt"/>
        <line num="86" count="10" type="stmt"/>
        <line num="88" count="10" type="stmt"/>
        <line num="89" count="10" type="stmt"/>
        <line num="91" count="10" type="cond" truecount="4" falsecount="0"/>
        <line num="92" count="9" type="stmt"/>
        <line num="93" count="9" type="stmt"/>
        <line num="95" count="9" type="stmt"/>
        <line num="105" count="9" type="stmt"/>
        <line num="106" count="9" type="stmt"/>
        <line num="107" count="8" type="stmt"/>
        <line num="109" count="8" type="stmt"/>
        <line num="112" count="1" type="stmt"/>
        <line num="115" count="9" type="stmt"/>
        <line num="117" count="1" type="stmt"/>
        <line num="118" count="1" type="stmt"/>
      </file>
      <file name="kv.js" path="/home/runner/work/zardonic-industrial/zardonic-industrial/api/kv.js">
        <metrics statements="48" coveredstatements="45" conditionals="60" coveredconditionals="54" methods="4" coveredmethods="4"/>
        <line num="4" count="1" type="stmt"/>
        <line num="5" count="13" type="cond" truecount="2" falsecount="0"/>
        <line num="11" count="13" type="cond" truecount="2" falsecount="0"/>
        <line num="12" count="1" type="stmt"/>
        <line num="17" count="13" type="stmt"/>
        <line num="22" count="8" type="cond" truecount="5" falsecount="0"/>
        <line num="23" count="4" type="stmt"/>
        <line num="24" count="4" type="stmt"/>
        <line num="25" count="12" type="stmt"/>
        <line num="27" count="4" type="stmt"/>
        <line num="31" count="14" type="cond" truecount="2" falsecount="0"/>
        <line num="32" count="1" type="stmt"/>
        <line num="36" count="13" type="cond" truecount="1" falsecount="1"/>
        <line num="37" count="0" type="stmt"/>
        <line num="38" count="0" type="stmt"/>
        <line num="44" count="13" type="stmt"/>
        <line num="46" count="13" type="stmt"/>
        <line num="47" count="13" type="cond" truecount="2" falsecount="0"/>
        <line num="48" count="4" type="stmt"/>
        <line num="49" count="4" type="cond" truecount="4" falsecount="0"/>
        <line num="51" count="3" type="stmt"/>
        <line num="52" count="2" type="cond" truecount="2" falsecount="0"/>
        <line num="55" count="9" type="cond" truecount="2" falsecount="0"/>
        <line num="56" count="8" type="cond" truecount="4" falsecount="0"/>
        <line num="57" count="1" type="stmt"/>
        <line num="60" count="7" type="stmt"/>
        <line num="61" count="7" type="cond" truecount="4" falsecount="0"/>
        <line num="62" count="6" type="cond" truecount="2" falsecount="0"/>
        <line num="64" count="5" type="cond" truecount="2" falsecount="0"/>
        <line num="66" count="8" type="cond" truecount="2" falsecount="0"/>
        <line num="69" count="2" type="stmt"/>
        <line num="70" count="2" type="cond" truecount="4" falsecount="0"/>
        <line num="71" count="1" type="stmt"/>
        <line num="75" count="3" type="stmt"/>
        <line num="76" count="3" type="cond" truecount="4" falsecount="0"/>
        <line num="77" count="1" type="stmt"/>
        <line num="82" count="3" type="cond" truecount="2" falsecount="0"/>
        <line num="83" count="1" type="stmt"/>
        <line num="85" count="2" type="stmt"/>
        <line num="87" count="3" type="stmt"/>
        <line num="90" count="1" type="stmt"/>
        <line num="92" count="1" type="stmt"/>
        <line num="93" count="1" type="cond" truecount="1" falsecount="1"/>
        <line num="94" count="1" type="stmt"/>
        <line num="101" count="1" type="cond" truecount="5" falsecount="0"/>
        <line num="108" count="1" type="cond" truecount="1" falsecount="1"/>
        <line num="109" count="0" type="stmt"/>
        <line num="116" count="1" type="stmt"/>
      </file>
      <file name="session.ts" path="/home/runner/work/zardonic-industrial/zardonic-industrial/api/session.ts">
        <metrics statements="61" coveredstatements="59" conditionals="38" coveredconditionals="36" methods="5" coveredmethods="5"/>
        <line num="9" count="1" type="stmt"/>
        <line num="12" count="1" type="stmt"/>
        <line num="15" count="14" type="cond" truecount="4" falsecount="0"/>
        <line num="16" count="1" type="stmt"/>
        <line num="17" count="1" type="stmt"/>
        <line num="20" count="13" type="cond" truecount="2" falsecount="0"/>
        <line num="21" count="1" type="stmt"/>
        <line num="27" count="13" type="stmt"/>
        <line num="32" count="3" type="stmt"/>
        <line num="37" count="1" type="stmt"/>
        <line num="42" count="2" type="cond" truecount="2" falsecount="0"/>
        <line num="43" count="1" type="stmt"/>
        <line num="44" count="1" type="stmt"/>
        <line num="45" count="64" type="stmt"/>
        <line num="47" count="1" type="stmt"/>
        <line num="65" count="14" type="stmt"/>
        <line num="67" count="14" type="cond" truecount="2" falsecount="0"/>
        <line num="68" count="1" type="stmt"/>
        <line num="74" count="13" type="stmt"/>
        <line num="76" count="13" type="cond" truecount="2" falsecount="0"/>
        <line num="77" count="4" type="stmt"/>
        <line num="79" count="4" type="cond" truecount="2" falsecount="0"/>
        <line num="80" count="1" type="stmt"/>
        <line num="84" count="3" type="stmt"/>
        <line num="86" count="3" type="cond" truecount="2" falsecount="0"/>
        <line num="87" count="1" type="stmt"/>
        <line num="93" count="2" type="stmt"/>
        <line num="95" count="2" type="cond" truecount="2" falsecount="0"/>
        <line num="96" count="1" type="stmt"/>
        <line num="100" count="1" type="stmt"/>
        <line num="101" count="1" type="stmt"/>
        <line num="108" count="1" type="stmt"/>
        <line num="110" count="1" type="stmt"/>
        <line num="118" count="9" type="cond" truecount="2" falsecount="0"/>
        <line num="119" count="3" type="cond" truecount="2" falsecount="0"/>
        <line num="121" count="3" type="cond" truecount="2" falsecount="0"/>
        <line num="122" count="1" type="stmt"/>
        <line num="125" count="2" type="stmt"/>
        <line num="127" count="2" type="cond" truecount="2" falsecount="0"/>
        <line num="128" count="1" type="stmt"/>
        <line num="132" count="1" type="stmt"/>
        <line num="133" count="1" type="stmt"/>
        <line num="135" count="1" type="stmt"/>
        <line num="143" count="6" type="cond" truecount="2" falsecount="0"/>
        <line num="144" count="2" type="stmt"/>
        <line num="146" count="2" type="cond" truecount="2" falsecount="0"/>
        <line num="147" count="1" type="stmt"/>
        <line num="150" count="1" type="stmt"/>
        <line num="152" count="1" type="stmt"/>
        <line num="156" count="4" type="cond" truecount="2" falsecount="0"/>
        <line num="157" count="3" type="stmt"/>
        <line num="159" count="3" type="cond" truecount="2" falsecount="0"/>
        <line num="160" count="1" type="stmt"/>
        <line num="163" count="2" type="cond" truecount="2" falsecount="0"/>
        <line num="164" count="1" type="stmt"/>
        <line num="167" count="1" type="stmt"/>
        <line num="170" count="1" type="stmt"/>
        <line num="172" count="1" type="stmt"/>
        <line num="175" count="1" type="stmt"/>
        <line num="181" count="0" type="stmt"/>
        <line num="182" count="0" type="stmt"/>
      </file>
      <file name="sync.ts" path="/home/runner/work/zardonic-industrial/zardonic-industrial/api/sync.ts">
        <metrics statements="25" coveredstatements="23" conditionals="22" coveredconditionals="20" methods="2" coveredmethods="2"/>
        <line num="16" count="1" type="stmt"/>
        <line num="19" count="8" type="cond" truecount="4" falsecount="0"/>
        <line num="20" count="1" type="stmt"/>
        <line num="21" count="1" type="stmt"/>
        <line num="24" count="7" type="cond" truecount="2" falsecount="0"/>
        <line num="25" count="1" type="stmt"/>
        <line num="31" count="7" type="stmt"/>
        <line num="41" count="8" type="stmt"/>
        <line num="43" count="8" type="cond" truecount="2" falsecount="0"/>
        <line num="44" count="1" type="stmt"/>
        <line num="50" count="7" type="stmt"/>
        <line num="52" count="7" type="cond" truecount="2" falsecount="0"/>
        <line num="53" count="2" type="stmt"/>
        <line num="55" count="2" type="cond" truecount="2" falsecount="0"/>
        <line num="56" count="1" type="stmt"/>
        <line num="62" count="1" type="stmt"/>
        <line num="66" count="5" type="cond" truecount="2" falsecount="0"/>
        <line num="67" count="4" type="stmt"/>
        <line num="70" count="4" type="cond" truecount="2" falsecount="0"/>
        <line num="76" count="4" type="stmt"/>
        <line num="82" count="4" type="stmt"/>
        <line num="84" count="4" type="stmt"/>
        <line num="87" count="1" type="stmt"/>
        <line num="93" count="0" type="stmt"/>
        <line num="94" count="0" type="stmt"/>
      </file>
    </package>
    <package name="src.components">
      <metrics statements="32" coveredstatements="26" conditionals="15" coveredconditionals="11" methods="7" coveredmethods="5"/>
      <file name="SpotifyEmbed.tsx" path="/home/runner/work/zardonic-industrial/zardonic-industrial/src/components/SpotifyEmbed.tsx">
        <metrics statements="32" coveredstatements="26" conditionals="15" coveredconditionals="11" methods="7" coveredmethods="5"/>
        <line num="48" count="8" type="stmt"/>
        <line num="49" count="8" type="stmt"/>
        <line num="50" count="8" type="stmt"/>
        <line num="52" count="8" type="stmt"/>
        <line num="54" count="2" type="cond" truecount="3" falsecount="1"/>
        <line num="55" count="2" type="stmt"/>
        <line num="57" count="2" type="stmt"/>
        <line num="64" count="2" type="stmt"/>
        <line num="65" count="0" type="stmt"/>
        <line num="71" count="8" type="stmt"/>
        <line num="73" count="8" type="cond" truecount="2" falsecount="0"/>
        <line num="74" count="2" type="stmt"/>
        <line num="75" count="2" type="stmt"/>
        <line num="78" count="6" type="stmt"/>
        <line num="79" count="6" type="stmt"/>
        <line num="80" count="6" type="stmt"/>
        <line num="81" count="0" type="stmt"/>
        <line num="82" count="0" type="cond" truecount="0" falsecount="2"/>
        <line num="83" count="0" type="stmt"/>
        <line num="88" count="6" type="stmt"/>
        <line num="92" count="6" type="cond" truecount="2" falsecount="0"/>
        <line num="93" count="5" type="stmt"/>
        <line num="94" count="5" type="stmt"/>
        <line num="95" count="5" type="stmt"/>
        <line num="96" count="5" type="stmt"/>
        <line num="97" count="5" type="stmt"/>
        <line num="100" count="1" type="stmt"/>
        <line num="103" count="6" type="stmt"/>
        <line num="104" count="6" type="cond" truecount="1" falsecount="1"/>
        <line num="105" count="0" type="stmt"/>
        <line num="106" count="0" type="stmt"/>
        <line num="111" count="8" type="stmt"/>
      </file>
    </package>
    <package name="src.hooks">
      <metrics statements="59" coveredstatements="49" conditionals="47" coveredconditionals="37" methods="15" coveredmethods="14"/>
      <file name="use-kv.ts" path="/home/runner/work/zardonic-industrial/zardonic-industrial/src/hooks/use-kv.ts">
        <metrics statements="35" coveredstatements="27" conditionals="28" coveredconditionals="20" methods="10" coveredmethods="9"/>
        <line num="15" count="2" type="stmt"/>
        <line num="29" count="29" type="stmt"/>
        <line num="30" count="29" type="stmt"/>
        <line num="31" count="29" type="stmt"/>
        <line num="32" count="29" type="stmt"/>
        <line num="33" count="29" type="stmt"/>
        <line num="35" count="29" type="stmt"/>
        <line num="36" count="11" type="cond" truecount="1" falsecount="1"/>
        <line num="37" count="11" type="stmt"/>
        <line num="39" count="11" type="stmt"/>
        <line num="40" count="10" type="cond" truecount="2" falsecount="0"/>
        <line num="42" count="10" type="cond" truecount="5" falsecount="0"/>
        <line num="43" count="6" type="stmt"/>
        <line num="46" count="4" type="stmt"/>
        <line num="51" count="1" type="stmt"/>
        <line num="54" count="11" type="stmt"/>
        <line num="55" count="11" type="stmt"/>
        <line num="59" count="29" type="stmt"/>
        <line num="60" count="7" type="stmt"/>
        <line num="61" count="7" type="cond" truecount="2" falsecount="0"/>
        <line num="66" count="7" type="cond" truecount="3" falsecount="2"/>
        <line num="68" count="0" type="stmt"/>
        <line num="72" count="7" type="cond" truecount="2" falsecount="0"/>
        <line num="77" count="7" type="cond" truecount="4" falsecount="0"/>
        <line num="78" count="1" type="stmt"/>
        <line num="86" count="1" type="cond" truecount="1" falsecount="1"/>
        <line num="87" count="0" type="stmt"/>
        <line num="88" count="0" type="stmt"/>
        <line num="89" count="0" type="cond" truecount="0" falsecount="2"/>
        <line num="90" count="0" type="cond" truecount="0" falsecount="2"/>
        <line num="92" count="0" type="stmt"/>
        <line num="95" count="0" type="stmt"/>
        <line num="99" count="0" type="stmt"/>
        <line num="103" count="7" type="stmt"/>
        <line num="107" count="29" type="stmt"/>
      </file>
      <file name="use-local-storage.ts" path="/home/runner/work/zardonic-industrial/zardonic-industrial/src/hooks/use-local-storage.ts">
        <metrics statements="24" coveredstatements="22" conditionals="19" coveredconditionals="17" methods="5" coveredmethods="5"/>
        <line num="6" count="5" type="cond" truecount="1" falsecount="1"/>
        <line num="10" count="0" type="stmt"/>
        <line num="13" count="5" type="stmt"/>
        <line num="14" count="5" type="stmt"/>
        <line num="15" count="9" type="stmt"/>
        <line num="16" count="9" type="stmt"/>
        <line num="17" count="9" type="cond" truecount="3" falsecount="1"/>
        <line num="18" count="0" type="stmt"/>
        <line num="19" count="9" type="cond" truecount="2" falsecount="0"/>
        <line num="24" count="1" type="stmt"/>
        <line num="27" count="5" type="stmt"/>
        <line num="31" count="10" type="stmt"/>
        <line num="32" count="8" type="stmt"/>
        <line num="33" count="8" type="stmt"/>
        <line num="34" count="8" type="cond" truecount="2" falsecount="0"/>
        <line num="35" count="5" type="stmt"/>
        <line num="36" count="5" type="stmt"/>
        <line num="41" count="4" type="stmt"/>
        <line num="44" count="10" type="stmt"/>
        <line num="45" count="10" type="stmt"/>
        <line num="46" count="10" type="stmt"/>
        <line num="52" count="10" type="stmt"/>
        <line num="53" count="2" type="stmt"/>
        <line num="56" count="10" type="stmt"/>
      </file>
    </package>
    <package name="src.lib">
      <metrics statements="79" coveredstatements="66" conditionals="93" coveredconditionals="70" methods="8" coveredmethods="6"/>
      <file name="bandsintown.ts" path="/home/runner/work/zardonic-industrial/zardonic-industrial/src/lib/bandsintown.ts">
        <metrics statements="16" coveredstatements="13" conditionals="34" coveredconditionals="30" methods="3" coveredmethods="2"/>
        <line num="18" count="1" type="stmt"/>
        <line num="21" count="6" type="stmt"/>
        <line num="22" count="6" type="stmt"/>
        <line num="26" count="5" type="cond" truecount="2" falsecount="0"/>
        <line num="28" count="1" type="cond" truecount="1" falsecount="1"/>
        <line num="29" count="0" type="stmt"/>
        <line num="30" count="0" type="cond" truecount="0" falsecount="2"/>
        <line num="31" count="0" type="stmt"/>
        <line num="33" count="1" type="stmt"/>
        <line num="35" count="1" type="stmt"/>
        <line num="38" count="4" type="stmt"/>
        <line num="40" count="4" type="cond" truecount="2" falsecount="0"/>
        <line num="41" count="1" type="stmt"/>
        <line num="44" count="3" type="stmt"/>
        <line num="65" count="1" type="stmt"/>
        <line num="66" count="1" type="stmt"/>
      </file>
      <file name="contact.ts" path="/home/runner/work/zardonic-industrial/zardonic-industrial/src/lib/contact.ts">
        <metrics statements="12" coveredstatements="5" conditionals="4" coveredconditionals="0" methods="1" coveredmethods="0"/>
        <line num="4" count="1" type="stmt"/>
        <line num="5" count="1" type="stmt"/>
        <line num="6" count="1" type="stmt"/>
        <line num="7" count="1" type="stmt"/>
        <line num="10" count="1" type="stmt"/>
        <line num="42" count="0" type="stmt"/>
        <line num="43" count="0" type="stmt"/>
        <line num="49" count="0" type="stmt"/>
        <line num="51" count="0" type="cond" truecount="0" falsecount="2"/>
        <line num="52" count="0" type="cond" truecount="0" falsecount="2"/>
        <line num="55" count="0" type="stmt"/>
        <line num="57" count="0" type="stmt"/>
      </file>
      <file name="itunes.ts" path="/home/runner/work/zardonic-industrial/zardonic-industrial/src/lib/itunes.ts">
        <metrics statements="25" coveredstatements="25" conditionals="37" coveredconditionals="25" methods="3" coveredmethods="3"/>
        <line num="16" count="1" type="stmt"/>
        <line num="19" count="7" type="stmt"/>
        <line num="20" count="7" type="stmt"/>
        <line num="29" count="6" type="cond" truecount="2" falsecount="0"/>
        <line num="30" count="5" type="cond" truecount="1" falsecount="1"/>
        <line num="32" count="5" type="stmt"/>
        <line num="34" count="5" type="cond" truecount="2" falsecount="2"/>
        <line num="36" count="7" type="stmt"/>
        <line num="38" count="7" type="stmt"/>
        <line num="39" count="9" type="cond" truecount="4" falsecount="0"/>
        <line num="42" count="8" type="cond" truecount="1" falsecount="1"/>
        <line num="43" count="9" type="cond" truecount="2" falsecount="0"/>
        <line num="44" count="9" type="cond" truecount="4" falsecount="0"/>
        <line num="46" count="7" type="stmt"/>
        <line num="48" count="7" type="cond" truecount="2" falsecount="0"/>
        <line num="49" count="6" type="stmt"/>
        <line num="64" count="7" type="stmt"/>
        <line num="67" count="7" type="stmt"/>
        <line num="68" count="2" type="cond" truecount="2" falsecount="2"/>
        <line num="69" count="2" type="cond" truecount="1" falsecount="1"/>
        <line num="70" count="2" type="cond" truecount="1" falsecount="1"/>
        <line num="71" count="2" type="stmt"/>
        <line num="74" count="7" type="stmt"/>
        <line num="76" count="2" type="stmt"/>
        <line num="77" count="2" type="stmt"/>
      </file>
      <file name="odesli.ts" path="/home/runner/work/zardonic-industrial/zardonic-industrial/src/lib/odesli.ts">
        <metrics statements="26" coveredstatements="23" conditionals="18" coveredconditionals="15" methods="1" coveredmethods="1"/>
        <line num="42" count="5" type="stmt"/>
        <line num="43" count="5" type="stmt"/>
        <line num="47" count="4" type="cond" truecount="2" falsecount="0"/>
        <line num="48" count="1" type="stmt"/>
        <line num="49" count="1" type="stmt"/>
        <line num="52" count="3" type="stmt"/>
        <line num="53" count="3" type="stmt"/>
        <line num="55" count="3" type="cond" truecount="2" falsecount="0"/>
        <line num="56" count="2" type="stmt"/>
        <line num="58" count="3" type="cond" truecount="2" falsecount="0"/>
        <line num="59" count="1" type="stmt"/>
        <line num="61" count="3" type="cond" truecount="2" falsecount="0"/>
        <line num="62" count="1" type="stmt"/>
        <line num="64" count="3" type="cond" truecount="2" falsecount="0"/>
        <line num="65" count="1" type="stmt"/>
        <line num="67" count="3" type="cond" truecount="2" falsecount="0"/>
        <line num="68" count="1" type="stmt"/>
        <line num="70" count="3" type="cond" truecount="1" falsecount="1"/>
        <line num="71" count="0" type="stmt"/>
        <line num="73" count="3" type="cond" truecount="1" falsecount="1"/>
        <line num="74" count="0" type="stmt"/>
        <line num="76" count="3" type="cond" truecount="1" falsecount="1"/>
        <line num="77" count="0" type="stmt"/>
        <line num="80" count="3" type="stmt"/>
        <line num="82" count="1" type="stmt"/>
        <line num="83" count="1" type="stmt"/>
      </file>
    </package>
  </project>
</coverage>
