{"/home/runner/work/zardonic-industrial/zardonic-industrial/api/bandsintown.ts": {"path":"/home/runner/work/zardonic-industrial/zardonic-industrial/api/bandsintown.ts","statementMap":{"0":{"start":{"line":4,"column":21},"end":{"line":4,"column":null}},"1":{"start":{"line":6,"column":2},"end":{"line":8,"column":null}},"2":{"start":{"line":7,"column":4},"end":{"line":7,"column":null}},"3":{"start":{"line":11,"column":17},"end":{"line":11,"column":null}},"4":{"start":{"line":12,"column":2},"end":{"line":17,"column":null}},"5":{"start":{"line":13,"column":4},"end":{"line":16,"column":null}},"6":{"start":{"line":19,"column":17},"end":{"line":19,"column":null}},"7":{"start":{"line":20,"column":2},"end":{"line":20,"column":null}},"8":{"start":{"line":22,"column":2},"end":{"line":46,"column":null}},"9":{"start":{"line":23,"column":21},"end":{"line":30,"column":null}},"10":{"start":{"line":32,"column":4},"end":{"line":34,"column":null}},"11":{"start":{"line":33,"column":6},"end":{"line":33,"column":null}},"12":{"start":{"line":36,"column":17},"end":{"line":36,"column":null}},"13":{"start":{"line":37,"column":4},"end":{"line":42,"column":null}},"14":{"start":{"line":38,"column":19},"end":{"line":38,"column":null}},"15":{"start":{"line":39,"column":6},"end":{"line":39,"column":null}},"16":{"start":{"line":41,"column":6},"end":{"line":41,"column":null}},"17":{"start":{"line":44,"column":4},"end":{"line":44,"column":null}},"18":{"start":{"line":45,"column":4},"end":{"line":45,"column":null}}},"fnMap":{"0":{"name":"handler","decl":{"start":{"line":3,"column":30},"end":{"line":3,"column":38}},"loc":{"start":{"line":3,"column":79},"end":{"line":47,"column":null}},"line":3}},"branchMap":{"0":{"loc":{"start":{"line":6,"column":2},"end":{"line":8,"column":null}},"type":"if","locations":[{"start":{"line":6,"column":2},"end":{"line":8,"column":null}},{"start":{},"end":{}}],"line":6},"1":{"loc":{"start":{"line":6,"column":6},"end":{"line":6,"column":45}},"type":"binary-expr","locations":[{"start":{"line":6,"column":6},"end":{"line":6,"column":17}},{"start":{"line":6,"column":17},"end":{"line":6,"column":45}}],"line":6},"2":{"loc":{"start":{"line":12,"column":2},"end":{"line":17,"column":null}},"type":"if","locations":[{"start":{"line":12,"column":2},"end":{"line":17,"column":null}},{"start":{},"end":{}}],"line":12},"3":{"loc":{"start":{"line":32,"column":4},"end":{"line":34,"column":null}},"type":"if","locations":[{"start":{"line":32,"column":4},"end":{"line":34,"column":null}},{"start":{},"end":{}}],"line":32}},"s":{"0":6,"1":6,"2":1,"3":5,"4":5,"5":1,"6":4,"7":4,"8":4,"9":4,"10":3,"11":1,"12":2,"13":2,"14":2,"15":2,"16":1,"17":1,"18":1},"f":{"0":6},"b":{"0":[1,5],"1":[6,5],"2":[1,4],"3":[1,2]},"meta":{"lastBranch":4,"lastFunction":1,"lastStatement":19,"seen":{"f:3:30:3:38":0,"s:4:21:4:Infinity":0,"b:6:2:8:Infinity:undefined:undefined:undefined:undefined":0,"s:6:2:8:Infinity":1,"b:6:6:6:17:6:17:6:45":1,"s:7:4:7:Infinity":2,"s:11:17:11:Infinity":3,"b:12:2:17:Infinity:undefined:undefined:undefined:undefined":2,"s:12:2:17:Infinity":4,"s:13:4:16:Infinity":5,"s:19:17:19:Infinity":6,"s:20:2:20:Infinity":7,"s:22:2:46:Infinity":8,"s:23:21:30:Infinity":9,"b:32:4:34:Infinity:undefined:undefined:undefined:undefined":3,"s:32:4:34:Infinity":10,"s:33:6:33:Infinity":11,"s:36:17:36:Infinity":12,"s:37:4:42:Infinity":13,"s:38:19:38:Infinity":14,"s:39:6:39:Infinity":15,"s:41:6:41:Infinity":16,"s:44:4:44:Infinity":17,"s:45:4:45:Infinity":18}}}
,"/home/runner/work/zardonic-industrial/zardonic-industrial/api/contact.ts": {"path":"/home/runner/work/zardonic-industrial/zardonic-industrial/api/contact.ts","statementMap":{"0":{"start":{"line":5,"column":24},"end":{"line":5,"column":null}},"1":{"start":{"line":6,"column":25},"end":{"line":6,"column":null}},"2":{"start":{"line":7,"column":27},"end":{"line":7,"column":null}},"3":{"start":{"line":8,"column":27},"end":{"line":8,"column":null}},"4":{"start":{"line":11,"column":22},"end":{"line":18,"column":null}},"5":{"start":{"line":26,"column":29},"end":{"line":26,"column":null}},"6":{"start":{"line":27,"column":23},"end":{"line":27,"column":null}},"7":{"start":{"line":29,"column":15},"end":{"line":29,"column":null}},"8":{"start":{"line":32,"column":14},"end":{"line":32,"column":null}},"9":{"start":{"line":33,"column":16},"end":{"line":33,"column":null}},"10":{"start":{"line":35,"column":2},"end":{"line":38,"column":null}},"11":{"start":{"line":36,"column":4},"end":{"line":36,"column":null}},"12":{"start":{"line":37,"column":4},"end":{"line":37,"column":null}},"13":{"start":{"line":40,"column":2},"end":{"line":40,"column":null}},"14":{"start":{"line":41,"column":2},"end":{"line":41,"column":null}},"15":{"start":{"line":49,"column":20},"end":{"line":49,"column":null}},"16":{"start":{"line":50,"column":2},"end":{"line":50,"column":null}},"17":{"start":{"line":50,"column":37},"end":{"line":50,"column":null}},"18":{"start":{"line":51,"column":2},"end":{"line":51,"column":null}},"19":{"start":{"line":51,"column":56},"end":{"line":51,"column":null}},"20":{"start":{"line":52,"column":2},"end":{"line":52,"column":null}},"21":{"start":{"line":57,"column":2},"end":{"line":59,"column":null}},"22":{"start":{"line":58,"column":4},"end":{"line":58,"column":null}},"23":{"start":{"line":61,"column":2},"end":{"line":63,"column":null}},"24":{"start":{"line":62,"column":4},"end":{"line":62,"column":null}},"25":{"start":{"line":66,"column":13},"end":{"line":66,"column":null}},"26":{"start":{"line":67,"column":2},"end":{"line":69,"column":null}},"27":{"start":{"line":68,"column":4},"end":{"line":68,"column":null}},"28":{"start":{"line":72,"column":17},"end":{"line":72,"column":null}},"29":{"start":{"line":73,"column":2},"end":{"line":76,"column":null}},"30":{"start":{"line":74,"column":23},"end":{"line":74,"column":null}},"31":{"start":{"line":75,"column":4},"end":{"line":75,"column":null}},"32":{"start":{"line":78,"column":49},"end":{"line":78,"column":null}},"33":{"start":{"line":81,"column":2},"end":{"line":84,"column":null}},"34":{"start":{"line":83,"column":4},"end":{"line":83,"column":null}},"35":{"start":{"line":86,"column":2},"end":{"line":119,"column":null}},"36":{"start":{"line":88,"column":21},"end":{"line":88,"column":null}},"37":{"start":{"line":89,"column":23},"end":{"line":89,"column":null}},"38":{"start":{"line":91,"column":4},"end":{"line":113,"column":null}},"39":{"start":{"line":92,"column":24},"end":{"line":92,"column":null}},"40":{"start":{"line":93,"column":20},"end":{"line":93,"column":null}},"41":{"start":{"line":95,"column":25},"end":{"line":102,"column":null}},"42":{"start":{"line":105,"column":22},"end":{"line":105,"column":null}},"43":{"start":{"line":106,"column":6},"end":{"line":106,"column":null}},"44":{"start":{"line":107,"column":6},"end":{"line":107,"column":null}},"45":{"start":{"line":109,"column":6},"end":{"line":109,"column":null}},"46":{"start":{"line":112,"column":6},"end":{"line":112,"column":null}},"47":{"start":{"line":115,"column":4},"end":{"line":115,"column":null}},"48":{"start":{"line":117,"column":4},"end":{"line":117,"column":null}},"49":{"start":{"line":118,"column":4},"end":{"line":118,"column":null}}},"fnMap":{"0":{"name":"isRateLimited","decl":{"start":{"line":31,"column":9},"end":{"line":31,"column":23}},"loc":{"start":{"line":31,"column":44},"end":{"line":42,"column":null}},"line":31},"1":{"name":"getClientIp","decl":{"start":{"line":48,"column":9},"end":{"line":48,"column":21}},"loc":{"start":{"line":48,"column":49},"end":{"line":53,"column":null}},"line":48},"2":{"name":"handler","decl":{"start":{"line":55,"column":30},"end":{"line":55,"column":38}},"loc":{"start":{"line":55,"column":79},"end":{"line":120,"column":null}},"line":55}},"branchMap":{"0":{"loc":{"start":{"line":35,"column":2},"end":{"line":38,"column":null}},"type":"if","locations":[{"start":{"line":35,"column":2},"end":{"line":38,"column":null}},{"start":{},"end":{}}],"line":35},"1":{"loc":{"start":{"line":35,"column":6},"end":{"line":35,"column":37}},"type":"binary-expr","locations":[{"start":{"line":35,"column":6},"end":{"line":35,"column":16}},{"start":{"line":35,"column":16},"end":{"line":35,"column":37}}],"line":35},"2":{"loc":{"start":{"line":50,"column":2},"end":{"line":50,"column":null}},"type":"if","locations":[{"start":{"line":50,"column":2},"end":{"line":50,"column":null}},{"start":{},"end":{}}],"line":50},"3":{"loc":{"start":{"line":51,"column":2},"end":{"line":51,"column":null}},"type":"if","locations":[{"start":{"line":51,"column":2},"end":{"line":51,"column":null}},{"start":{},"end":{}}],"line":51},"4":{"loc":{"start":{"line":51,"column":6},"end":{"line":51,"column":56}},"type":"binary-expr","locations":[{"start":{"line":51,"column":6},"end":{"line":51,"column":34}},{"start":{"line":51,"column":34},"end":{"line":51,"column":56}}],"line":51},"5":{"loc":{"start":{"line":57,"column":2},"end":{"line":59,"column":null}},"type":"if","locations":[{"start":{"line":57,"column":2},"end":{"line":59,"column":null}},{"start":{},"end":{}}],"line":57},"6":{"loc":{"start":{"line":61,"column":2},"end":{"line":63,"column":null}},"type":"if","locations":[{"start":{"line":61,"column":2},"end":{"line":63,"column":null}},{"start":{},"end":{}}],"line":61},"7":{"loc":{"start":{"line":67,"column":2},"end":{"line":69,"column":null}},"type":"if","locations":[{"start":{"line":67,"column":2},"end":{"line":69,"column":null}},{"start":{},"end":{}}],"line":67},"8":{"loc":{"start":{"line":73,"column":2},"end":{"line":76,"column":null}},"type":"if","locations":[{"start":{"line":73,"column":2},"end":{"line":76,"column":null}},{"start":{},"end":{}}],"line":73},"9":{"loc":{"start":{"line":74,"column":23},"end":{"line":74,"column":null}},"type":"binary-expr","locations":[{"start":{"line":74,"column":23},"end":{"line":74,"column":58}},{"start":{"line":74,"column":58},"end":{"line":74,"column":null}}],"line":74},"10":{"loc":{"start":{"line":81,"column":2},"end":{"line":84,"column":null}},"type":"if","locations":[{"start":{"line":81,"column":2},"end":{"line":84,"column":null}},{"start":{},"end":{}}],"line":81},"11":{"loc":{"start":{"line":91,"column":4},"end":{"line":113,"column":null}},"type":"if","locations":[{"start":{"line":91,"column":4},"end":{"line":113,"column":null}},{"start":{"line":110,"column":11},"end":{"line":113,"column":null}}],"line":91},"12":{"loc":{"start":{"line":91,"column":8},"end":{"line":91,"column":32}},"type":"binary-expr","locations":[{"start":{"line":91,"column":8},"end":{"line":91,"column":20}},{"start":{"line":91,"column":20},"end":{"line":91,"column":32}}],"line":91}},"s":{"0":1,"1":1,"2":1,"3":1,"4":1,"5":1,"6":1,"7":1,"8":16,"9":16,"10":16,"11":11,"12":11,"13":5,"14":5,"15":16,"16":16,"17":16,"18":0,"19":0,"20":0,"21":18,"22":1,"23":17,"24":1,"25":16,"26":16,"27":1,"28":15,"29":15,"30":4,"31":4,"32":11,"33":11,"34":1,"35":10,"36":10,"37":10,"38":10,"39":9,"40":9,"41":9,"42":9,"43":9,"44":8,"45":8,"46":1,"47":9,"48":1,"49":1},"f":{"0":16,"1":16,"2":18},"b":{"0":[11,5],"1":[16,5],"2":[16,0],"3":[0,0],"4":[0,0],"5":[1,17],"6":[1,16],"7":[1,15],"8":[4,11],"9":[4,0],"10":[1,10],"11":[9,1],"12":[10,9]},"meta":{"lastBranch":13,"lastFunction":3,"lastStatement":50,"seen":{"s:5:24:5:Infinity":0,"s:6:25:6:Infinity":1,"s:7:27:7:Infinity":2,"s:8:27:8:Infinity":3,"s:11:22:18:Infinity":4,"s:26:29:26:Infinity":5,"s:27:23:27:Infinity":6,"s:29:15:29:Infinity":7,"f:31:9:31:23":0,"s:32:14:32:Infinity":8,"s:33:16:33:Infinity":9,"b:35:2:38:Infinity:undefined:undefined:undefined:undefined":0,"s:35:2:38:Infinity":10,"b:35:6:35:16:35:16:35:37":1,"s:36:4:36:Infinity":11,"s:37:4:37:Infinity":12,"s:40:2:40:Infinity":13,"s:41:2:41:Infinity":14,"f:48:9:48:21":1,"s:49:20:49:Infinity":15,"b:50:2:50:Infinity:undefined:undefined:undefined:undefined":2,"s:50:2:50:Infinity":16,"s:50:37:50:Infinity":17,"b:51:2:51:Infinity:undefined:undefined:undefined:undefined":3,"s:51:2:51:Infinity":18,"b:51:6:51:34:51:34:51:56":4,"s:51:56:51:Infinity":19,"s:52:2:52:Infinity":20,"f:55:30:55:38":2,"b:57:2:59:Infinity:undefined:undefined:undefined:undefined":5,"s:57:2:59:Infinity":21,"s:58:4:58:Infinity":22,"b:61:2:63:Infinity:undefined:undefined:undefined:undefined":6,"s:61:2:63:Infinity":23,"s:62:4:62:Infinity":24,"s:66:13:66:Infinity":25,"b:67:2:69:Infinity:undefined:undefined:undefined:undefined":7,"s:67:2:69:Infinity":26,"s:68:4:68:Infinity":27,"s:72:17:72:Infinity":28,"b:73:2:76:Infinity:undefined:undefined:undefined:undefined":8,"s:73:2:76:Infinity":29,"s:74:23:74:Infinity":30,"b:74:23:74:58:74:58:74:Infinity":9,"s:75:4:75:Infinity":31,"s:78:49:78:Infinity":32,"b:81:2:84:Infinity:undefined:undefined:undefined:undefined":10,"s:81:2:84:Infinity":33,"s:83:4:83:Infinity":34,"s:86:2:119:Infinity":35,"s:88:21:88:Infinity":36,"s:89:23:89:Infinity":37,"b:91:4:113:Infinity:110:11:113:Infinity":11,"s:91:4:113:Infinity":38,"b:91:8:91:20:91:20:91:32":12,"s:92:24:92:Infinity":39,"s:93:20:93:Infinity":40,"s:95:25:102:Infinity":41,"s:105:22:105:Infinity":42,"s:106:6:106:Infinity":43,"s:107:6:107:Infinity":44,"s:109:6:109:Infinity":45,"s:112:6:112:Infinity":46,"s:115:4:115:Infinity":47,"s:117:4:117:Infinity":48,"s:118:4:118:Infinity":49}}}
,"/home/runner/work/zardonic-industrial/zardonic-industrial/api/kv.js": {"path":"/home/runner/work/zardonic-industrial/zardonic-industrial/api/kv.js","statementMap":{"0":{"start":{"line":4,"column":23},"end":{"line":6,"column":null}},"1":{"start":{"line":5,"column":2},"end":{"line":5,"column":null}},"2":{"start":{"line":11,"column":2},"end":{"line":16,"column":null}},"3":{"start":{"line":12,"column":4},"end":{"line":15,"column":null}},"4":{"start":{"line":17,"column":2},"end":{"line":17,"column":null}},"5":{"start":{"line":22,"column":2},"end":{"line":22,"column":null}},"6":{"start":{"line":22,"column":79},"end":{"line":22,"column":null}},"7":{"start":{"line":23,"column":15},"end":{"line":23,"column":null}},"8":{"start":{"line":24,"column":2},"end":{"line":26,"column":null}},"9":{"start":{"line":24,"column":15},"end":{"line":24,"column":18}},"10":{"start":{"line":25,"column":4},"end":{"line":25,"column":null}},"11":{"start":{"line":27,"column":2},"end":{"line":27,"column":null}},"12":{"start":{"line":31,"column":2},"end":{"line":33,"column":null}},"13":{"start":{"line":32,"column":4},"end":{"line":32,"column":null}},"14":{"start":{"line":36,"column":2},"end":{"line":42,"column":null}},"15":{"start":{"line":37,"column":4},"end":{"line":37,"column":null}},"16":{"start":{"line":38,"column":4},"end":{"line":41,"column":null}},"17":{"start":{"line":44,"column":13},"end":{"line":44,"column":null}},"18":{"start":{"line":46,"column":2},"end":{"line":120,"column":null}},"19":{"start":{"line":47,"column":4},"end":{"line":53,"column":null}},"20":{"start":{"line":48,"column":22},"end":{"line":48,"column":null}},"21":{"start":{"line":49,"column":6},"end":{"line":49,"column":null}},"22":{"start":{"line":49,"column":43},"end":{"line":49,"column":null}},"23":{"start":{"line":51,"column":20},"end":{"line":51,"column":null}},"24":{"start":{"line":52,"column":6},"end":{"line":52,"column":null}},"25":{"start":{"line":55,"column":4},"end":{"line":88,"column":null}},"26":{"start":{"line":56,"column":6},"end":{"line":58,"column":null}},"27":{"start":{"line":57,"column":8},"end":{"line":57,"column":null}},"28":{"start":{"line":60,"column":29},"end":{"line":60,"column":null}},"29":{"start":{"line":61,"column":6},"end":{"line":61,"column":null}},"30":{"start":{"line":61,"column":43},"end":{"line":61,"column":null}},"31":{"start":{"line":62,"column":6},"end":{"line":62,"column":null}},"32":{"start":{"line":62,"column":31},"end":{"line":62,"column":null}},"33":{"start":{"line":64,"column":20},"end":{"line":64,"column":null}},"34":{"start":{"line":66,"column":6},"end":{"line":79,"column":null}},"35":{"start":{"line":69,"column":29},"end":{"line":69,"column":null}},"36":{"start":{"line":70,"column":8},"end":{"line":72,"column":null}},"37":{"start":{"line":71,"column":10},"end":{"line":71,"column":null}},"38":{"start":{"line":75,"column":26},"end":{"line":75,"column":null}},"39":{"start":{"line":76,"column":8},"end":{"line":78,"column":null}},"40":{"start":{"line":77,"column":10},"end":{"line":77,"column":null}},"41":{"start":{"line":82,"column":6},"end":{"line":86,"column":null}},"42":{"start":{"line":83,"column":8},"end":{"line":83,"column":null}},"43":{"start":{"line":85,"column":8},"end":{"line":85,"column":null}},"44":{"start":{"line":87,"column":6},"end":{"line":87,"column":null}},"45":{"start":{"line":90,"column":4},"end":{"line":90,"column":null}},"46":{"start":{"line":92,"column":4},"end":{"line":92,"column":null}},"47":{"start":{"line":93,"column":25},"end":{"line":93,"column":null}},"48":{"start":{"line":94,"column":4},"end":{"line":99,"column":null}},"49":{"start":{"line":101,"column":28},"end":{"line":105,"column":null}},"50":{"start":{"line":108,"column":4},"end":{"line":114,"column":null}},"51":{"start":{"line":109,"column":6},"end":{"line":113,"column":null}},"52":{"start":{"line":116,"column":4},"end":{"line":119,"column":null}}},"fnMap":{"0":{"name":"(anonymous_0)","decl":{"start":{"line":4,"column":23},"end":{"line":4,"column":29}},"loc":{"start":{"line":4,"column":29},"end":{"line":6,"column":null}},"line":4},"1":{"name":"getRedis","decl":{"start":{"line":10,"column":9},"end":{"line":10,"column":20}},"loc":{"start":{"line":10,"column":20},"end":{"line":18,"column":null}},"line":10},"2":{"name":"timingSafeEqual","decl":{"start":{"line":21,"column":16},"end":{"line":21,"column":32}},"loc":{"start":{"line":21,"column":38},"end":{"line":28,"column":null}},"line":21},"3":{"name":"handler","decl":{"start":{"line":30,"column":30},"end":{"line":30,"column":38}},"loc":{"start":{"line":30,"column":48},"end":{"line":121,"column":null}},"line":30}},"branchMap":{"0":{"loc":{"start":{"line":5,"column":12},"end":{"line":5,"column":null}},"type":"binary-expr","locations":[{"start":{"line":5,"column":12},"end":{"line":5,"column":50}},{"start":{"line":5,"column":50},"end":{"line":5,"column":null}}],"line":5},"1":{"loc":{"start":{"line":11,"column":2},"end":{"line":16,"column":null}},"type":"if","locations":[{"start":{"line":11,"column":2},"end":{"line":16,"column":null}},{"start":{},"end":{}}],"line":11},"2":{"loc":{"start":{"line":22,"column":2},"end":{"line":22,"column":null}},"type":"if","locations":[{"start":{"line":22,"column":2},"end":{"line":22,"column":null}},{"start":{},"end":{}}],"line":22},"3":{"loc":{"start":{"line":22,"column":6},"end":{"line":22,"column":79}},"type":"binary-expr","locations":[{"start":{"line":22,"column":6},"end":{"line":22,"column":31}},{"start":{"line":22,"column":31},"end":{"line":22,"column":56}},{"start":{"line":22,"column":56},"end":{"line":22,"column":79}}],"line":22},"4":{"loc":{"start":{"line":31,"column":2},"end":{"line":33,"column":null}},"type":"if","locations":[{"start":{"line":31,"column":2},"end":{"line":33,"column":null}},{"start":{},"end":{}}],"line":31},"5":{"loc":{"start":{"line":36,"column":2},"end":{"line":42,"column":null}},"type":"if","locations":[{"start":{"line":36,"column":2},"end":{"line":42,"column":null}},{"start":{},"end":{}}],"line":36},"6":{"loc":{"start":{"line":47,"column":4},"end":{"line":53,"column":null}},"type":"if","locations":[{"start":{"line":47,"column":4},"end":{"line":53,"column":null}},{"start":{},"end":{}}],"line":47},"7":{"loc":{"start":{"line":49,"column":6},"end":{"line":49,"column":null}},"type":"if","locations":[{"start":{"line":49,"column":6},"end":{"line":49,"column":null}},{"start":{},"end":{}}],"line":49},"8":{"loc":{"start":{"line":49,"column":10},"end":{"line":49,"column":43}},"type":"binary-expr","locations":[{"start":{"line":49,"column":10},"end":{"line":49,"column":18}},{"start":{"line":49,"column":18},"end":{"line":49,"column":43}}],"line":49},"9":{"loc":{"start":{"line":52,"column":31},"end":{"line":52,"column":45}},"type":"binary-expr","locations":[{"start":{"line":52,"column":31},"end":{"line":52,"column":40}},{"start":{"line":52,"column":40},"end":{"line":52,"column":45}}],"line":52},"10":{"loc":{"start":{"line":55,"column":4},"end":{"line":88,"column":null}},"type":"if","locations":[{"start":{"line":55,"column":4},"end":{"line":88,"column":null}},{"start":{},"end":{}}],"line":55},"11":{"loc":{"start":{"line":56,"column":6},"end":{"line":58,"column":null}},"type":"if","locations":[{"start":{"line":56,"column":6},"end":{"line":58,"column":null}},{"start":{},"end":{}}],"line":56},"12":{"loc":{"start":{"line":56,"column":10},"end":{"line":56,"column":53}},"type":"binary-expr","locations":[{"start":{"line":56,"column":10},"end":{"line":56,"column":23}},{"start":{"line":56,"column":23},"end":{"line":56,"column":53}}],"line":56},"13":{"loc":{"start":{"line":61,"column":6},"end":{"line":61,"column":null}},"type":"if","locations":[{"start":{"line":61,"column":6},"end":{"line":61,"column":null}},{"start":{},"end":{}}],"line":61},"14":{"loc":{"start":{"line":61,"column":10},"end":{"line":61,"column":43}},"type":"binary-expr","locations":[{"start":{"line":61,"column":10},"end":{"line":61,"column":18}},{"start":{"line":61,"column":18},"end":{"line":61,"column":43}}],"line":61},"15":{"loc":{"start":{"line":62,"column":6},"end":{"line":62,"column":null}},"type":"if","locations":[{"start":{"line":62,"column":6},"end":{"line":62,"column":null}},{"start":{},"end":{}}],"line":62},"16":{"loc":{"start":{"line":64,"column":20},"end":{"line":64,"column":null}},"type":"binary-expr","locations":[{"start":{"line":64,"column":20},"end":{"line":64,"column":52}},{"start":{"line":64,"column":52},"end":{"line":64,"column":null}}],"line":64},"17":{"loc":{"start":{"line":66,"column":6},"end":{"line":79,"column":null}},"type":"if","locations":[{"start":{"line":66,"column":6},"end":{"line":79,"column":null}},{"start":{"line":73,"column":13},"end":{"line":79,"column":null}}],"line":66},"18":{"loc":{"start":{"line":70,"column":8},"end":{"line":72,"column":null}},"type":"if","locations":[{"start":{"line":70,"column":8},"end":{"line":72,"column":null}},{"start":{},"end":{}}],"line":70},"19":{"loc":{"start":{"line":70,"column":12},"end":{"line":70,"column":67}},"type":"binary-expr","locations":[{"start":{"line":70,"column":12},"end":{"line":70,"column":28}},{"start":{"line":70,"column":28},"end":{"line":70,"column":67}}],"line":70},"20":{"loc":{"start":{"line":76,"column":8},"end":{"line":78,"column":null}},"type":"if","locations":[{"start":{"line":76,"column":8},"end":{"line":78,"column":null}},{"start":{},"end":{}}],"line":76},"21":{"loc":{"start":{"line":76,"column":12},"end":{"line":76,"column":61}},"type":"binary-expr","locations":[{"start":{"line":76,"column":12},"end":{"line":76,"column":25}},{"start":{"line":76,"column":25},"end":{"line":76,"column":61}}],"line":76},"22":{"loc":{"start":{"line":82,"column":6},"end":{"line":86,"column":null}},"type":"if","locations":[{"start":{"line":82,"column":6},"end":{"line":86,"column":null}},{"start":{"line":84,"column":13},"end":{"line":86,"column":null}}],"line":82},"23":{"loc":{"start":{"line":93,"column":25},"end":{"line":93,"column":null}},"type":"cond-expr","locations":[{"start":{"line":93,"column":50},"end":{"line":93,"column":66}},{"start":{"line":93,"column":66},"end":{"line":93,"column":null}}],"line":93},"24":{"loc":{"start":{"line":101,"column":28},"end":{"line":105,"column":null}},"type":"binary-expr","locations":[{"start":{"line":101,"column":28},"end":{"line":101,"column":null}},{"start":{"line":102,"column":6},"end":{"line":102,"column":null}},{"start":{"line":103,"column":6},"end":{"line":103,"column":null}},{"start":{"line":104,"column":6},"end":{"line":104,"column":null}},{"start":{"line":105,"column":6},"end":{"line":105,"column":null}}],"line":101},"25":{"loc":{"start":{"line":108,"column":4},"end":{"line":114,"column":null}},"type":"if","locations":[{"start":{"line":108,"column":4},"end":{"line":114,"column":null}},{"start":{},"end":{}}],"line":108},"26":{"loc":{"start":{"line":112,"column":17},"end":{"line":112,"column":null}},"type":"cond-expr","locations":[{"start":{"line":112,"column":58},"end":{"line":112,"column":73}},{"start":{"line":112,"column":73},"end":{"line":112,"column":null}}],"line":112},"27":{"loc":{"start":{"line":118,"column":15},"end":{"line":118,"column":null}},"type":"cond-expr","locations":[{"start":{"line":118,"column":56},"end":{"line":118,"column":71}},{"start":{"line":118,"column":71},"end":{"line":118,"column":null}}],"line":118}},"s":{"0":1,"1":13,"2":13,"3":1,"4":13,"5":8,"6":4,"7":4,"8":4,"9":4,"10":12,"11":4,"12":14,"13":1,"14":13,"15":0,"16":0,"17":13,"18":13,"19":13,"20":4,"21":4,"22":1,"23":3,"24":2,"25":9,"26":8,"27":1,"28":7,"29":7,"30":1,"31":6,"32":6,"33":5,"34":8,"35":2,"36":2,"37":1,"38":3,"39":3,"40":1,"41":3,"42":1,"43":2,"44":3,"45":1,"46":1,"47":1,"48":1,"49":1,"50":1,"51":0,"52":1},"f":{"0":13,"1":13,"2":8,"3":14},"b":{"0":[13,13],"1":[1,12],"2":[4,4],"3":[8,7,7],"4":[1,13],"5":[0,13],"6":[4,9],"7":[1,3],"8":[4,3],"9":[2,1],"10":[8,1],"11":[1,7],"12":[8,7],"13":[1,6],"14":[7,6],"15":[1,5],"16":[5,2],"17":[2,3],"18":[1,1],"19":[2,1],"20":[1,2],"21":[3,2],"22":[1,2],"23":[1,0],"24":[1,1,1,1,1],"25":[0,1],"26":[0,0],"27":[0,1]},"meta":{"lastBranch":28,"lastFunction":4,"lastStatement":53,"seen":{"s:4:23:6:Infinity":0,"f:4:23:4:29":0,"s:5:2:5:Infinity":1,"b:5:12:5:50:5:50:5:Infinity":0,"f:10:9:10:20":1,"b:11:2:16:Infinity:undefined:undefined:undefined:undefined":1,"s:11:2:16:Infinity":2,"s:12:4:15:Infinity":3,"s:17:2:17:Infinity":4,"f:21:16:21:32":2,"b:22:2:22:Infinity:undefined:undefined:undefined:undefined":2,"s:22:2:22:Infinity":5,"b:22:6:22:31:22:31:22:56:22:56:22:79":3,"s:22:79:22:Infinity":6,"s:23:15:23:Infinity":7,"s:24:2:26:Infinity":8,"s:24:15:24:18":9,"s:25:4:25:Infinity":10,"s:27:2:27:Infinity":11,"f:30:30:30:38":3,"b:31:2:33:Infinity:undefined:undefined:undefined:undefined":4,"s:31:2:33:Infinity":12,"s:32:4:32:Infinity":13,"b:36:2:42:Infinity:undefined:undefined:undefined:undefined":5,"s:36:2:42:Infinity":14,"s:37:4:37:Infinity":15,"s:38:4:41:Infinity":16,"s:44:13:44:Infinity":17,"s:46:2:120:Infinity":18,"b:47:4:53:Infinity:undefined:undefined:undefined:undefined":6,"s:47:4:53:Infinity":19,"s:48:22:48:Infinity":20,"b:49:6:49:Infinity:undefined:undefined:undefined:undefined":7,"s:49:6:49:Infinity":21,"b:49:10:49:18:49:18:49:43":8,"s:49:43:49:Infinity":22,"s:51:20:51:Infinity":23,"s:52:6:52:Infinity":24,"b:52:31:52:40:52:40:52:45":9,"b:55:4:88:Infinity:undefined:undefined:undefined:undefined":10,"s:55:4:88:Infinity":25,"b:56:6:58:Infinity:undefined:undefined:undefined:undefined":11,"s:56:6:58:Infinity":26,"b:56:10:56:23:56:23:56:53":12,"s:57:8:57:Infinity":27,"s:60:29:60:Infinity":28,"b:61:6:61:Infinity:undefined:undefined:undefined:undefined":13,"s:61:6:61:Infinity":29,"b:61:10:61:18:61:18:61:43":14,"s:61:43:61:Infinity":30,"b:62:6:62:Infinity:undefined:undefined:undefined:undefined":15,"s:62:6:62:Infinity":31,"s:62:31:62:Infinity":32,"s:64:20:64:Infinity":33,"b:64:20:64:52:64:52:64:Infinity":16,"b:66:6:79:Infinity:73:13:79:Infinity":17,"s:66:6:79:Infinity":34,"s:69:29:69:Infinity":35,"b:70:8:72:Infinity:undefined:undefined:undefined:undefined":18,"s:70:8:72:Infinity":36,"b:70:12:70:28:70:28:70:67":19,"s:71:10:71:Infinity":37,"s:75:26:75:Infinity":38,"b:76:8:78:Infinity:undefined:undefined:undefined:undefined":20,"s:76:8:78:Infinity":39,"b:76:12:76:25:76:25:76:61":21,"s:77:10:77:Infinity":40,"b:82:6:86:Infinity:84:13:86:Infinity":22,"s:82:6:86:Infinity":41,"s:83:8:83:Infinity":42,"s:85:8:85:Infinity":43,"s:87:6:87:Infinity":44,"s:90:4:90:Infinity":45,"s:92:4:92:Infinity":46,"s:93:25:93:Infinity":47,"b:93:50:93:66:93:66:93:Infinity":23,"s:94:4:99:Infinity":48,"s:101:28:105:Infinity":49,"b:101:28:101:Infinity:102:6:102:Infinity:103:6:103:Infinity:104:6:104:Infinity:105:6:105:Infinity":24,"b:108:4:114:Infinity:undefined:undefined:undefined:undefined":25,"s:108:4:114:Infinity":50,"s:109:6:113:Infinity":51,"b:112:58:112:73:112:73:112:Infinity":26,"s:116:4:119:Infinity":52,"b:118:56:118:71:118:71:118:Infinity":27}}}
,"/home/runner/work/zardonic-industrial/zardonic-industrial/src/components/SpotifyEmbed.tsx": {"path":"/home/runner/work/zardonic-industrial/zardonic-industrial/src/components/SpotifyEmbed.tsx","statementMap":{"0":{"start":{"line":48,"column":8},"end":{"line":48,"column":null}},"1":{"start":{"line":49,"column":8},"end":{"line":49,"column":null}},"2":{"start":{"line":50,"column":8},"end":{"line":50,"column":null}},"3":{"start":{"line":52,"column":8},"end":{"line":69,"column":null}},"4":{"start":{"line":54,"column":6},"end":{"line":54,"column":null}},"5":{"start":{"line":54,"column":59},"end":{"line":54,"column":null}},"6":{"start":{"line":55,"column":6},"end":{"line":55,"column":null}},"7":{"start":{"line":57,"column":43},"end":{"line":62,"column":null}},"8":{"start":{"line":64,"column":6},"end":{"line":66,"column":null}},"9":{"start":{"line":65,"column":8},"end":{"line":65,"column":null}},"10":{"start":{"line":71,"column":2},"end":{"line":109,"column":null}},"11":{"start":{"line":73,"column":4},"end":{"line":76,"column":null}},"12":{"start":{"line":74,"column":6},"end":{"line":74,"column":null}},"13":{"start":{"line":75,"column":6},"end":{"line":75,"column":null}},"14":{"start":{"line":78,"column":26},"end":{"line":85,"column":null}},"15":{"start":{"line":79,"column":31},"end":{"line":79,"column":null}},"16":{"start":{"line":80,"column":6},"end":{"line":84,"column":null}},"17":{"start":{"line":81,"column":8},"end":{"line":81,"column":null}},"18":{"start":{"line":82,"column":8},"end":{"line":82,"column":null}},"19":{"start":{"line":82,"column":30},"end":{"line":82,"column":null}},"20":{"start":{"line":83,"column":8},"end":{"line":83,"column":null}},"21":{"start":{"line":88,"column":27},"end":{"line":90,"column":null}},"22":{"start":{"line":92,"column":4},"end":{"line":101,"column":null}},"23":{"start":{"line":93,"column":6},"end":{"line":93,"column":null}},"24":{"start":{"line":94,"column":21},"end":{"line":94,"column":null}},"25":{"start":{"line":95,"column":6},"end":{"line":95,"column":null}},"26":{"start":{"line":96,"column":6},"end":{"line":96,"column":null}},"27":{"start":{"line":97,"column":6},"end":{"line":97,"column":null}},"28":{"start":{"line":100,"column":6},"end":{"line":100,"column":null}},"29":{"start":{"line":103,"column":4},"end":{"line":108,"column":null}},"30":{"start":{"line":104,"column":6},"end":{"line":107,"column":null}},"31":{"start":{"line":105,"column":8},"end":{"line":105,"column":null}},"32":{"start":{"line":106,"column":8},"end":{"line":106,"column":null}},"33":{"start":{"line":111,"column":2},"end":{"line":111,"column":null}}},"fnMap":{"0":{"name":"SpotifyEmbed","decl":{"start":{"line":41,"column":16},"end":{"line":41,"column":29}},"loc":{"start":{"line":47,"column":22},"end":{"line":112,"column":null}},"line":47},"1":{"name":"(anonymous_1)","decl":{"start":{"line":53,"column":4},"end":{"line":53,"column":5}},"loc":{"start":{"line":53,"column":37},"end":{"line":67,"column":null}},"line":53},"2":{"name":"(anonymous_2)","decl":{"start":{"line":64,"column":64},"end":{"line":64,"column":65}},"loc":{"start":{"line":64,"column":80},"end":{"line":66,"column":7}},"line":64},"3":{"name":"(anonymous_3)","decl":{"start":{"line":71,"column":12},"end":{"line":71,"column":18}},"loc":{"start":{"line":71,"column":18},"end":{"line":109,"column":5}},"line":71},"4":{"name":"(anonymous_4)","decl":{"start":{"line":78,"column":26},"end":{"line":78,"column":32}},"loc":{"start":{"line":78,"column":32},"end":{"line":85,"column":null}},"line":78},"5":{"name":"(anonymous_5)","decl":{"start":{"line":80,"column":39},"end":{"line":80,"column":40}},"loc":{"start":{"line":80,"column":54},"end":{"line":84,"column":null}},"line":80},"6":{"name":"(anonymous_6)","decl":{"start":{"line":103,"column":11},"end":{"line":103,"column":17}},"loc":{"start":{"line":103,"column":17},"end":{"line":108,"column":null}},"line":103}},"branchMap":{"0":{"loc":{"start":{"line":43,"column":2},"end":{"line":43,"column":null}},"type":"default-arg","locations":[{"start":{"line":43,"column":10},"end":{"line":43,"column":null}}],"line":43},"1":{"loc":{"start":{"line":44,"column":2},"end":{"line":44,"column":null}},"type":"default-arg","locations":[{"start":{"line":44,"column":11},"end":{"line":44,"column":null}}],"line":44},"2":{"loc":{"start":{"line":45,"column":2},"end":{"line":45,"column":null}},"type":"default-arg","locations":[{"start":{"line":45,"column":10},"end":{"line":45,"column":null}}],"line":45},"3":{"loc":{"start":{"line":54,"column":6},"end":{"line":54,"column":null}},"type":"if","locations":[{"start":{"line":54,"column":6},"end":{"line":54,"column":null}},{"start":{},"end":{}}],"line":54},"4":{"loc":{"start":{"line":54,"column":10},"end":{"line":54,"column":59}},"type":"binary-expr","locations":[{"start":{"line":54,"column":10},"end":{"line":54,"column":35}},{"start":{"line":54,"column":35},"end":{"line":54,"column":59}}],"line":54},"5":{"loc":{"start":{"line":73,"column":4},"end":{"line":76,"column":null}},"type":"if","locations":[{"start":{"line":73,"column":4},"end":{"line":76,"column":null}},{"start":{},"end":{}}],"line":73},"6":{"loc":{"start":{"line":82,"column":8},"end":{"line":82,"column":null}},"type":"if","locations":[{"start":{"line":82,"column":8},"end":{"line":82,"column":null}},{"start":{},"end":{}}],"line":82},"7":{"loc":{"start":{"line":92,"column":4},"end":{"line":101,"column":null}},"type":"if","locations":[{"start":{"line":92,"column":4},"end":{"line":101,"column":null}},{"start":{"line":98,"column":11},"end":{"line":101,"column":null}}],"line":92},"8":{"loc":{"start":{"line":104,"column":6},"end":{"line":107,"column":null}},"type":"if","locations":[{"start":{"line":104,"column":6},"end":{"line":107,"column":null}},{"start":{},"end":{}}],"line":104}},"s":{"0":8,"1":8,"2":8,"3":8,"4":2,"5":0,"6":2,"7":2,"8":2,"9":0,"10":8,"11":8,"12":2,"13":2,"14":6,"15":6,"16":6,"17":0,"18":0,"19":0,"20":0,"21":6,"22":6,"23":5,"24":5,"25":5,"26":5,"27":5,"28":1,"29":6,"30":6,"31":0,"32":0,"33":8},"f":{"0":8,"1":2,"2":0,"3":8,"4":6,"5":0,"6":6},"b":{"0":[8],"1":[8],"2":[8],"3":[0,2],"4":[2,2],"5":[2,6],"6":[0,0],"7":[5,1],"8":[0,6]},"meta":{"lastBranch":9,"lastFunction":7,"lastStatement":34,"seen":{"f:41:16:41:29":0,"b:43:10:43:Infinity":0,"b:44:11:44:Infinity":1,"b:45:10:45:Infinity":2,"s:48:8:48:Infinity":0,"s:49:8:49:Infinity":1,"s:50:8:50:Infinity":2,"s:52:8:69:Infinity":3,"f:53:4:53:5":1,"b:54:6:54:Infinity:undefined:undefined:undefined:undefined":3,"s:54:6:54:Infinity":4,"b:54:10:54:35:54:35:54:59":4,"s:54:59:54:Infinity":5,"s:55:6:55:Infinity":6,"s:57:43:62:Infinity":7,"s:64:6:66:Infinity":8,"f:64:64:64:65":2,"s:65:8:65:Infinity":9,"s:71:2:109:Infinity":10,"f:71:12:71:18":3,"b:73:4:76:Infinity:undefined:undefined:undefined:undefined":5,"s:73:4:76:Infinity":11,"s:74:6:74:Infinity":12,"s:75:6:75:Infinity":13,"s:78:26:85:Infinity":14,"f:78:26:78:32":4,"s:79:31:79:Infinity":15,"s:80:6:84:Infinity":16,"f:80:39:80:40":5,"s:81:8:81:Infinity":17,"b:82:8:82:Infinity:undefined:undefined:undefined:undefined":6,"s:82:8:82:Infinity":18,"s:82:30:82:Infinity":19,"s:83:8:83:Infinity":20,"s:88:27:90:Infinity":21,"b:92:4:101:Infinity:98:11:101:Infinity":7,"s:92:4:101:Infinity":22,"s:93:6:93:Infinity":23,"s:94:21:94:Infinity":24,"s:95:6:95:Infinity":25,"s:96:6:96:Infinity":26,"s:97:6:97:Infinity":27,"s:100:6:100:Infinity":28,"s:103:4:108:Infinity":29,"f:103:11:103:17":6,"b:104:6:107:Infinity:undefined:undefined:undefined:undefined":8,"s:104:6:107:Infinity":30,"s:105:8:105:Infinity":31,"s:106:8:106:Infinity":32,"s:111:2:111:Infinity":33}}}
,"/home/runner/work/zardonic-industrial/zardonic-industrial/src/hooks/use-kv.ts": {"path":"/home/runner/work/zardonic-industrial/zardonic-industrial/src/hooks/use-kv.ts","statementMap":{"0":{"start":{"line":15,"column":27},"end":{"line":15,"column":null}},"1":{"start":{"line":30,"column":24},"end":{"line":30,"column":null}},"2":{"start":{"line":31,"column":26},"end":{"line":31,"column":null}},"3":{"start":{"line":32,"column":8},"end":{"line":32,"column":null}},"4":{"start":{"line":33,"column":8},"end":{"line":33,"column":null}},"5":{"start":{"line":34,"column":8},"end":{"line":34,"column":null}},"6":{"start":{"line":36,"column":2},"end":{"line":76,"column":null}},"7":{"start":{"line":37,"column":4},"end":{"line":37,"column":null}},"8":{"start":{"line":37,"column":32},"end":{"line":37,"column":null}},"9":{"start":{"line":38,"column":4},"end":{"line":38,"column":null}},"10":{"start":{"line":40,"column":4},"end":{"line":75,"column":null}},"11":{"start":{"line":41,"column":19},"end":{"line":41,"column":45}},"12":{"start":{"line":43,"column":8},"end":{"line":57,"column":null}},"13":{"start":{"line":44,"column":10},"end":{"line":44,"column":null}},"14":{"start":{"line":46,"column":10},"end":{"line":46,"column":null}},"15":{"start":{"line":46,"column":16},"end":{"line":46,"column":78}},"16":{"start":{"line":49,"column":10},"end":{"line":55,"column":null}},"17":{"start":{"line":50,"column":27},"end":{"line":50,"column":null}},"18":{"start":{"line":51,"column":12},"end":{"line":54,"column":null}},"19":{"start":{"line":52,"column":14},"end":{"line":52,"column":null}},"20":{"start":{"line":53,"column":14},"end":{"line":53,"column":null}},"21":{"start":{"line":56,"column":10},"end":{"line":56,"column":null}},"22":{"start":{"line":61,"column":8},"end":{"line":70,"column":null}},"23":{"start":{"line":62,"column":25},"end":{"line":62,"column":null}},"24":{"start":{"line":63,"column":10},"end":{"line":67,"column":null}},"25":{"start":{"line":64,"column":12},"end":{"line":64,"column":null}},"26":{"start":{"line":66,"column":12},"end":{"line":66,"column":null}},"27":{"start":{"line":69,"column":10},"end":{"line":69,"column":null}},"28":{"start":{"line":73,"column":8},"end":{"line":73,"column":null}},"29":{"start":{"line":74,"column":8},"end":{"line":74,"column":null}},"30":{"start":{"line":78,"column":8},"end":{"line":135,"column":null}},"31":{"start":{"line":79,"column":4},"end":{"line":134,"column":null}},"32":{"start":{"line":80,"column":23},"end":{"line":82,"column":null}},"33":{"start":{"line":85,"column":6},"end":{"line":88,"column":null}},"34":{"start":{"line":87,"column":8},"end":{"line":87,"column":null}},"35":{"start":{"line":90,"column":25},"end":{"line":90,"column":null}},"36":{"start":{"line":92,"column":29},"end":{"line":98,"column":null}},"37":{"start":{"line":93,"column":8},"end":{"line":97,"column":null}},"38":{"start":{"line":94,"column":10},"end":{"line":94,"column":null}},"39":{"start":{"line":96,"column":10},"end":{"line":96,"column":null}},"40":{"start":{"line":101,"column":6},"end":{"line":101,"column":null}},"41":{"start":{"line":106,"column":6},"end":{"line":131,"column":null}},"42":{"start":{"line":107,"column":8},"end":{"line":130,"column":null}},"43":{"start":{"line":115,"column":10},"end":{"line":127,"column":null}},"44":{"start":{"line":116,"column":12},"end":{"line":126,"column":null}},"45":{"start":{"line":117,"column":32},"end":{"line":117,"column":null}},"46":{"start":{"line":118,"column":14},"end":{"line":123,"column":null}},"47":{"start":{"line":119,"column":16},"end":{"line":119,"column":null}},"48":{"start":{"line":120,"column":16},"end":{"line":120,"column":null}},"49":{"start":{"line":122,"column":16},"end":{"line":122,"column":null}},"50":{"start":{"line":125,"column":14},"end":{"line":125,"column":null}},"51":{"start":{"line":129,"column":10},"end":{"line":129,"column":null}},"52":{"start":{"line":133,"column":6},"end":{"line":133,"column":null}},"53":{"start":{"line":137,"column":2},"end":{"line":137,"column":null}}},"fnMap":{"0":{"name":"useKV","decl":{"start":{"line":29,"column":16},"end":{"line":29,"column":25}},"loc":{"start":{"line":29,"column":170},"end":{"line":138,"column":null}},"line":29},"1":{"name":"(anonymous_1)","decl":{"start":{"line":36,"column":12},"end":{"line":36,"column":18}},"loc":{"start":{"line":36,"column":18},"end":{"line":76,"column":5}},"line":36},"2":{"name":"(anonymous_2)","decl":{"start":{"line":41,"column":12},"end":{"line":41,"column":19}},"loc":{"start":{"line":41,"column":19},"end":{"line":41,"column":45}},"line":41},"3":{"name":"(anonymous_3)","decl":{"start":{"line":42,"column":12},"end":{"line":42,"column":20}},"loc":{"start":{"line":42,"column":20},"end":{"line":58,"column":7}},"line":42},"4":{"name":"(anonymous_4)","decl":{"start":{"line":59,"column":13},"end":{"line":59,"column":19}},"loc":{"start":{"line":59,"column":19},"end":{"line":71,"column":7}},"line":59},"5":{"name":"(anonymous_5)","decl":{"start":{"line":72,"column":15},"end":{"line":72,"column":21}},"loc":{"start":{"line":72,"column":21},"end":{"line":75,"column":7}},"line":72},"6":{"name":"(anonymous_6)","decl":{"start":{"line":78,"column":34},"end":{"line":78,"column":35}},"loc":{"start":{"line":78,"column":117},"end":{"line":135,"column":5}},"line":78},"7":{"name":"(anonymous_7)","decl":{"start":{"line":79,"column":13},"end":{"line":79,"column":21}},"loc":{"start":{"line":79,"column":21},"end":{"line":134,"column":5}},"line":79},"8":{"name":"(anonymous_8)","decl":{"start":{"line":92,"column":29},"end":{"line":92,"column":35}},"loc":{"start":{"line":92,"column":35},"end":{"line":98,"column":null}},"line":92},"9":{"name":"(anonymous_9)","decl":{"start":{"line":114,"column":16},"end":{"line":114,"column":22}},"loc":{"start":{"line":114,"column":29},"end":{"line":128,"column":9}},"line":114},"10":{"name":"(anonymous_10)","decl":{"start":{"line":128,"column":17},"end":{"line":128,"column":24}},"loc":{"start":{"line":128,"column":24},"end":{"line":130,"column":9}},"line":128}},"branchMap":{"0":{"loc":{"start":{"line":37,"column":4},"end":{"line":37,"column":null}},"type":"if","locations":[{"start":{"line":37,"column":4},"end":{"line":37,"column":null}},{"start":{},"end":{}}],"line":37},"1":{"loc":{"start":{"line":41,"column":19},"end":{"line":41,"column":45}},"type":"cond-expr","locations":[{"start":{"line":41,"column":28},"end":{"line":41,"column":41}},{"start":{"line":41,"column":41},"end":{"line":41,"column":45}}],"line":41},"2":{"loc":{"start":{"line":43,"column":8},"end":{"line":57,"column":null}},"type":"if","locations":[{"start":{"line":43,"column":8},"end":{"line":57,"column":null}},{"start":{"line":47,"column":15},"end":{"line":57,"column":null}}],"line":43},"3":{"loc":{"start":{"line":43,"column":12},"end":{"line":43,"column":69}},"type":"binary-expr","locations":[{"start":{"line":43,"column":12},"end":{"line":43,"column":20}},{"start":{"line":43,"column":20},"end":{"line":43,"column":43}},{"start":{"line":43,"column":43},"end":{"line":43,"column":69}}],"line":43},"4":{"loc":{"start":{"line":51,"column":12},"end":{"line":54,"column":null}},"type":"if","locations":[{"start":{"line":51,"column":12},"end":{"line":54,"column":null}},{"start":{},"end":{}}],"line":51},"5":{"loc":{"start":{"line":63,"column":10},"end":{"line":67,"column":null}},"type":"if","locations":[{"start":{"line":63,"column":10},"end":{"line":67,"column":null}},{"start":{"line":65,"column":17},"end":{"line":67,"column":null}}],"line":63},"6":{"loc":{"start":{"line":80,"column":23},"end":{"line":82,"column":null}},"type":"cond-expr","locations":[{"start":{"line":81,"column":11},"end":{"line":81,"column":null}},{"start":{"line":82,"column":10},"end":{"line":82,"column":null}}],"line":80},"7":{"loc":{"start":{"line":85,"column":6},"end":{"line":88,"column":null}},"type":"if","locations":[{"start":{"line":85,"column":6},"end":{"line":88,"column":null}},{"start":{},"end":{}}],"line":85},"8":{"loc":{"start":{"line":85,"column":10},"end":{"line":85,"column":86}},"type":"binary-expr","locations":[{"start":{"line":85,"column":10},"end":{"line":85,"column":39}},{"start":{"line":85,"column":39},"end":{"line":85,"column":65}},{"start":{"line":85,"column":65},"end":{"line":85,"column":86}}],"line":85},"9":{"loc":{"start":{"line":90,"column":25},"end":{"line":90,"column":null}},"type":"binary-expr","locations":[{"start":{"line":90,"column":25},"end":{"line":90,"column":64}},{"start":{"line":90,"column":64},"end":{"line":90,"column":null}}],"line":90},"10":{"loc":{"start":{"line":106,"column":6},"end":{"line":131,"column":null}},"type":"if","locations":[{"start":{"line":106,"column":6},"end":{"line":131,"column":null}},{"start":{},"end":{}}],"line":106},"11":{"loc":{"start":{"line":106,"column":10},"end":{"line":106,"column":43}},"type":"binary-expr","locations":[{"start":{"line":106,"column":10},"end":{"line":106,"column":31}},{"start":{"line":106,"column":31},"end":{"line":106,"column":43}}],"line":106},"12":{"loc":{"start":{"line":115,"column":10},"end":{"line":127,"column":null}},"type":"if","locations":[{"start":{"line":115,"column":10},"end":{"line":127,"column":null}},{"start":{},"end":{}}],"line":115},"13":{"loc":{"start":{"line":118,"column":14},"end":{"line":123,"column":null}},"type":"if","locations":[{"start":{"line":118,"column":14},"end":{"line":123,"column":null}},{"start":{"line":121,"column":21},"end":{"line":123,"column":null}}],"line":118},"14":{"loc":{"start":{"line":119,"column":90},"end":{"line":119,"column":126}},"type":"binary-expr","locations":[{"start":{"line":119,"column":90},"end":{"line":119,"column":111}},{"start":{"line":119,"column":111},"end":{"line":119,"column":126}}],"line":119}},"s":{"0":2,"1":33,"2":33,"3":33,"4":33,"5":33,"6":33,"7":13,"8":0,"9":13,"10":13,"11":12,"12":12,"13":7,"14":7,"15":7,"16":5,"17":5,"18":5,"19":1,"20":1,"21":4,"22":1,"23":1,"24":1,"25":1,"26":0,"27":0,"28":13,"29":13,"30":33,"31":7,"32":7,"33":7,"34":0,"35":7,"36":7,"37":7,"38":7,"39":0,"40":7,"41":7,"42":1,"43":1,"44":0,"45":0,"46":0,"47":0,"48":0,"49":0,"50":0,"51":0,"52":7,"53":33},"f":{"0":33,"1":13,"2":12,"3":12,"4":1,"5":13,"6":7,"7":7,"8":7,"9":1,"10":0},"b":{"0":[0,13],"1":[11,1],"2":[7,5],"3":[12,11,7],"4":[1,4],"5":[1,0],"6":[3,4],"7":[0,7],"8":[7,7,0],"9":[7,6],"10":[1,6],"11":[7,6],"12":[0,1],"13":[0,0],"14":[0,0]},"meta":{"lastBranch":15,"lastFunction":11,"lastStatement":54,"seen":{"s:15:27:15:Infinity":0,"f:29:16:29:25":0,"s:30:24:30:Infinity":1,"s:31:26:31:Infinity":2,"s:32:8:32:Infinity":3,"s:33:8:33:Infinity":4,"s:34:8:34:Infinity":5,"s:36:2:76:Infinity":6,"f:36:12:36:18":1,"b:37:4:37:Infinity:undefined:undefined:undefined:undefined":0,"s:37:4:37:Infinity":7,"s:37:32:37:Infinity":8,"s:38:4:38:Infinity":9,"s:40:4:75:Infinity":10,"f:41:12:41:19":2,"s:41:19:41:45":11,"b:41:28:41:41:41:41:41:45":1,"f:42:12:42:20":3,"b:43:8:57:Infinity:47:15:57:Infinity":2,"s:43:8:57:Infinity":12,"b:43:12:43:20:43:20:43:43:43:43:43:69":3,"s:44:10:44:Infinity":13,"s:46:10:46:Infinity":14,"s:46:16:46:78":15,"s:49:10:55:Infinity":16,"s:50:27:50:Infinity":17,"b:51:12:54:Infinity:undefined:undefined:undefined:undefined":4,"s:51:12:54:Infinity":18,"s:52:14:52:Infinity":19,"s:53:14:53:Infinity":20,"s:56:10:56:Infinity":21,"f:59:13:59:19":4,"s:61:8:70:Infinity":22,"s:62:25:62:Infinity":23,"b:63:10:67:Infinity:65:17:67:Infinity":5,"s:63:10:67:Infinity":24,"s:64:12:64:Infinity":25,"s:66:12:66:Infinity":26,"s:69:10:69:Infinity":27,"f:72:15:72:21":5,"s:73:8:73:Infinity":28,"s:74:8:74:Infinity":29,"s:78:8:135:Infinity":30,"f:78:34:78:35":6,"s:79:4:134:Infinity":31,"f:79:13:79:21":7,"s:80:23:82:Infinity":32,"b:81:11:81:Infinity:82:10:82:Infinity":6,"b:85:6:88:Infinity:undefined:undefined:undefined:undefined":7,"s:85:6:88:Infinity":33,"b:85:10:85:39:85:39:85:65:85:65:85:86":8,"s:87:8:87:Infinity":34,"s:90:25:90:Infinity":35,"b:90:25:90:64:90:64:90:Infinity":9,"s:92:29:98:Infinity":36,"f:92:29:92:35":8,"s:93:8:97:Infinity":37,"s:94:10:94:Infinity":38,"s:96:10:96:Infinity":39,"s:101:6:101:Infinity":40,"b:106:6:131:Infinity:undefined:undefined:undefined:undefined":10,"s:106:6:131:Infinity":41,"b:106:10:106:31:106:31:106:43":11,"s:107:8:130:Infinity":42,"f:114:16:114:22":9,"b:115:10:127:Infinity:undefined:undefined:undefined:undefined":12,"s:115:10:127:Infinity":43,"s:116:12:126:Infinity":44,"s:117:32:117:Infinity":45,"b:118:14:123:Infinity:121:21:123:Infinity":13,"s:118:14:123:Infinity":46,"s:119:16:119:Infinity":47,"b:119:90:119:111:119:111:119:126":14,"s:120:16:120:Infinity":48,"s:122:16:122:Infinity":49,"s:125:14:125:Infinity":50,"f:128:17:128:24":10,"s:129:10:129:Infinity":51,"s:133:6:133:Infinity":52,"s:137:2:137:Infinity":53}}}
,"/home/runner/work/zardonic-industrial/zardonic-industrial/src/hooks/use-local-storage.ts": {"path":"/home/runner/work/zardonic-industrial/zardonic-industrial/src/hooks/use-local-storage.ts","statementMap":{"0":{"start":{"line":6,"column":2},"end":{"line":11,"column":null}},"1":{"start":{"line":10,"column":4},"end":{"line":10,"column":null}},"2":{"start":{"line":13,"column":17},"end":{"line":13,"column":null}},"3":{"start":{"line":14,"column":2},"end":{"line":26,"column":null}},"4":{"start":{"line":15,"column":24},"end":{"line":15,"column":null}},"5":{"start":{"line":16,"column":23},"end":{"line":16,"column":null}},"6":{"start":{"line":17,"column":4},"end":{"line":25,"column":null}},"7":{"start":{"line":18,"column":7},"end":{"line":18,"column":null}},"8":{"start":{"line":19,"column":4},"end":{"line":25,"column":null}},"9":{"start":{"line":24,"column":7},"end":{"line":24,"column":null}},"10":{"start":{"line":27,"column":2},"end":{"line":27,"column":null}},"11":{"start":{"line":31,"column":24},"end":{"line":42,"column":null}},"12":{"start":{"line":32,"column":4},"end":{"line":40,"column":null}},"13":{"start":{"line":33,"column":21},"end":{"line":33,"column":null}},"14":{"start":{"line":34,"column":6},"end":{"line":37,"column":null}},"15":{"start":{"line":35,"column":23},"end":{"line":35,"column":null}},"16":{"start":{"line":36,"column":8},"end":{"line":36,"column":null}},"17":{"start":{"line":41,"column":4},"end":{"line":41,"column":null}},"18":{"start":{"line":44,"column":2},"end":{"line":50,"column":null}},"19":{"start":{"line":45,"column":4},"end":{"line":49,"column":null}},"20":{"start":{"line":46,"column":6},"end":{"line":46,"column":null}},"21":{"start":{"line":52,"column":8},"end":{"line":54,"column":null}},"22":{"start":{"line":53,"column":4},"end":{"line":53,"column":null}},"23":{"start":{"line":56,"column":2},"end":{"line":56,"column":null}}},"fnMap":{"0":{"name":"mergeWithDefaults","decl":{"start":{"line":5,"column":9},"end":{"line":5,"column":30}},"loc":{"start":{"line":5,"column":57},"end":{"line":28,"column":null}},"line":5},"1":{"name":"useLocalStorage","decl":{"start":{"line":30,"column":16},"end":{"line":30,"column":35}},"loc":{"start":{"line":30,"column":107},"end":{"line":57,"column":null}},"line":30},"2":{"name":"(anonymous_2)","decl":{"start":{"line":31,"column":40},"end":{"line":31,"column":46}},"loc":{"start":{"line":31,"column":46},"end":{"line":42,"column":3}},"line":31},"3":{"name":"(anonymous_3)","decl":{"start":{"line":44,"column":12},"end":{"line":44,"column":18}},"loc":{"start":{"line":44,"column":18},"end":{"line":50,"column":5}},"line":44},"4":{"name":"(anonymous_4)","decl":{"start":{"line":52,"column":34},"end":{"line":52,"column":35}},"loc":{"start":{"line":52,"column":65},"end":{"line":54,"column":5}},"line":52}},"branchMap":{"0":{"loc":{"start":{"line":6,"column":2},"end":{"line":11,"column":null}},"type":"if","locations":[{"start":{"line":6,"column":2},"end":{"line":11,"column":null}},{"start":{},"end":{}}],"line":6},"1":{"loc":{"start":{"line":7,"column":4},"end":{"line":8,"column":null}},"type":"binary-expr","locations":[{"start":{"line":7,"column":4},"end":{"line":7,"column":25}},{"start":{"line":7,"column":25},"end":{"line":7,"column":null}},{"start":{"line":8,"column":4},"end":{"line":8,"column":36}},{"start":{"line":8,"column":36},"end":{"line":8,"column":null}}],"line":7},"2":{"loc":{"start":{"line":17,"column":4},"end":{"line":25,"column":null}},"type":"if","locations":[{"start":{"line":17,"column":4},"end":{"line":25,"column":null}},{"start":{"line":19,"column":4},"end":{"line":25,"column":null}}],"line":17},"3":{"loc":{"start":{"line":17,"column":8},"end":{"line":17,"column":55}},"type":"binary-expr","locations":[{"start":{"line":17,"column":8},"end":{"line":17,"column":35}},{"start":{"line":17,"column":35},"end":{"line":17,"column":55}}],"line":17},"4":{"loc":{"start":{"line":19,"column":4},"end":{"line":25,"column":null}},"type":"if","locations":[{"start":{"line":19,"column":4},"end":{"line":25,"column":null}},{"start":{},"end":{}}],"line":19},"5":{"loc":{"start":{"line":20,"column":6},"end":{"line":22,"column":null}},"type":"binary-expr","locations":[{"start":{"line":20,"column":6},"end":{"line":20,"column":40}},{"start":{"line":20,"column":40},"end":{"line":20,"column":null}},{"start":{"line":21,"column":6},"end":{"line":21,"column":null}},{"start":{"line":22,"column":6},"end":{"line":22,"column":39}},{"start":{"line":22,"column":39},"end":{"line":22,"column":null}}],"line":20},"6":{"loc":{"start":{"line":34,"column":6},"end":{"line":37,"column":null}},"type":"if","locations":[{"start":{"line":34,"column":6},"end":{"line":37,"column":null}},{"start":{},"end":{}}],"line":34}},"s":{"0":5,"1":0,"2":5,"3":5,"4":9,"5":9,"6":9,"7":0,"8":9,"9":1,"10":5,"11":10,"12":8,"13":8,"14":8,"15":5,"16":5,"17":4,"18":10,"19":10,"20":10,"21":10,"22":2,"23":10},"f":{"0":5,"1":10,"2":8,"3":10,"4":2},"b":{"0":[0,5],"1":[5,5,5,5],"2":[0,9],"3":[9,9],"4":[1,8],"5":[9,4,4,1,1],"6":[5,3]},"meta":{"lastBranch":7,"lastFunction":5,"lastStatement":24,"seen":{"f:5:9:5:30":0,"b:6:2:11:Infinity:undefined:undefined:undefined:undefined":0,"s:6:2:11:Infinity":0,"b:7:4:7:25:7:25:7:Infinity:8:4:8:36:8:36:8:Infinity":1,"s:10:4:10:Infinity":1,"s:13:17:13:Infinity":2,"s:14:2:26:Infinity":3,"s:15:24:15:Infinity":4,"s:16:23:16:Infinity":5,"b:17:4:25:Infinity:19:4:25:Infinity":2,"s:17:4:25:Infinity":6,"b:17:8:17:35:17:35:17:55":3,"s:18:7:18:Infinity":7,"b:19:4:25:Infinity:undefined:undefined:undefined:undefined":4,"s:19:4:25:Infinity":8,"b:20:6:20:40:20:40:20:Infinity:21:6:21:Infinity:22:6:22:39:22:39:22:Infinity":5,"s:24:7:24:Infinity":9,"s:27:2:27:Infinity":10,"f:30:16:30:35":1,"s:31:24:42:Infinity":11,"f:31:40:31:46":2,"s:32:4:40:Infinity":12,"s:33:21:33:Infinity":13,"b:34:6:37:Infinity:undefined:undefined:undefined:undefined":6,"s:34:6:37:Infinity":14,"s:35:23:35:Infinity":15,"s:36:8:36:Infinity":16,"s:41:4:41:Infinity":17,"s:44:2:50:Infinity":18,"f:44:12:44:18":3,"s:45:4:49:Infinity":19,"s:46:6:46:Infinity":20,"s:52:8:54:Infinity":21,"f:52:34:52:35":4,"s:53:4:53:Infinity":22,"s:56:2:56:Infinity":23}}}
,"/home/runner/work/zardonic-industrial/zardonic-industrial/src/lib/bandsintown.ts": {"path":"/home/runner/work/zardonic-industrial/zardonic-industrial/src/lib/bandsintown.ts","statementMap":{"0":{"start":{"line":18,"column":20},"end":{"line":18,"column":null}},"1":{"start":{"line":21,"column":2},"end":{"line":67,"column":null}},"2":{"start":{"line":22,"column":21},"end":{"line":24,"column":null}},"3":{"start":{"line":26,"column":4},"end":{"line":36,"column":null}},"4":{"start":{"line":28,"column":6},"end":{"line":34,"column":null}},"5":{"start":{"line":29,"column":21},"end":{"line":29,"column":null}},"6":{"start":{"line":29,"column":56},"end":{"line":29,"column":59}},"7":{"start":{"line":30,"column":8},"end":{"line":30,"column":null}},"8":{"start":{"line":31,"column":8},"end":{"line":31,"column":null}},"9":{"start":{"line":33,"column":8},"end":{"line":33,"column":null}},"10":{"start":{"line":35,"column":6},"end":{"line":35,"column":null}},"11":{"start":{"line":38,"column":17},"end":{"line":38,"column":null}},"12":{"start":{"line":40,"column":4},"end":{"line":42,"column":null}},"13":{"start":{"line":41,"column":6},"end":{"line":41,"column":null}},"14":{"start":{"line":44,"column":4},"end":{"line":63,"column":null}},"15":{"start":{"line":44,"column":37},"end":{"line":63,"column":6}},"16":{"start":{"line":65,"column":4},"end":{"line":65,"column":null}},"17":{"start":{"line":66,"column":4},"end":{"line":66,"column":null}}},"fnMap":{"0":{"name":"fetchBandsintownEvents","decl":{"start":{"line":20,"column":22},"end":{"line":20,"column":76}},"loc":{"start":{"line":20,"column":76},"end":{"line":68,"column":null}},"line":20},"1":{"name":"(anonymous_1)","decl":{"start":{"line":29,"column":49},"end":{"line":29,"column":56}},"loc":{"start":{"line":29,"column":56},"end":{"line":29,"column":59}},"line":29},"2":{"name":"(anonymous_2)","decl":{"start":{"line":44,"column":20},"end":{"line":44,"column":21}},"loc":{"start":{"line":44,"column":37},"end":{"line":63,"column":6}},"line":44}},"branchMap":{"0":{"loc":{"start":{"line":26,"column":4},"end":{"line":36,"column":null}},"type":"if","locations":[{"start":{"line":26,"column":4},"end":{"line":36,"column":null}},{"start":{},"end":{}}],"line":26},"1":{"loc":{"start":{"line":28,"column":6},"end":{"line":34,"column":null}},"type":"if","locations":[{"start":{"line":28,"column":6},"end":{"line":34,"column":null}},{"start":{"line":32,"column":13},"end":{"line":34,"column":null}}],"line":28},"2":{"loc":{"start":{"line":30,"column":62},"end":{"line":30,"column":99}},"type":"binary-expr","locations":[{"start":{"line":30,"column":62},"end":{"line":30,"column":78}},{"start":{"line":30,"column":78},"end":{"line":30,"column":99}}],"line":30},"3":{"loc":{"start":{"line":40,"column":4},"end":{"line":42,"column":null}},"type":"if","locations":[{"start":{"line":40,"column":4},"end":{"line":42,"column":null}},{"start":{},"end":{}}],"line":40},"4":{"loc":{"start":{"line":46,"column":13},"end":{"line":46,"column":null}},"type":"binary-expr","locations":[{"start":{"line":46,"column":13},"end":{"line":46,"column":34}},{"start":{"line":46,"column":34},"end":{"line":46,"column":null}}],"line":46},"5":{"loc":{"start":{"line":50,"column":12},"end":{"line":52,"column":null}},"type":"cond-expr","locations":[{"start":{"line":51,"column":10},"end":{"line":51,"column":null}},{"start":{"line":52,"column":10},"end":{"line":52,"column":null}}],"line":50},"6":{"loc":{"start":{"line":53,"column":16},"end":{"line":53,"column":null}},"type":"binary-expr","locations":[{"start":{"line":53,"column":16},"end":{"line":53,"column":35}},{"start":{"line":53,"column":35},"end":{"line":53,"column":53}},{"start":{"line":53,"column":53},"end":{"line":53,"column":null}}],"line":53},"7":{"loc":{"start":{"line":54,"column":17},"end":{"line":54,"column":null}},"type":"binary-expr","locations":[{"start":{"line":54,"column":17},"end":{"line":54,"column":43}},{"start":{"line":54,"column":43},"end":{"line":54,"column":56}},{"start":{"line":54,"column":56},"end":{"line":54,"column":null}}],"line":54},"8":{"loc":{"start":{"line":55,"column":14},"end":{"line":55,"column":null}},"type":"binary-expr","locations":[{"start":{"line":55,"column":14},"end":{"line":55,"column":30}},{"start":{"line":55,"column":30},"end":{"line":55,"column":null}}],"line":55},"9":{"loc":{"start":{"line":56,"column":21},"end":{"line":56,"column":null}},"type":"binary-expr","locations":[{"start":{"line":56,"column":21},"end":{"line":56,"column":52}},{"start":{"line":56,"column":52},"end":{"line":56,"column":null}}],"line":56},"10":{"loc":{"start":{"line":57,"column":18},"end":{"line":57,"column":null}},"type":"binary-expr","locations":[{"start":{"line":57,"column":18},"end":{"line":57,"column":46}},{"start":{"line":57,"column":46},"end":{"line":57,"column":null}}],"line":57},"11":{"loc":{"start":{"line":58,"column":16},"end":{"line":58,"column":null}},"type":"binary-expr","locations":[{"start":{"line":58,"column":16},"end":{"line":58,"column":41}},{"start":{"line":58,"column":41},"end":{"line":58,"column":null}}],"line":58},"12":{"loc":{"start":{"line":59,"column":17},"end":{"line":59,"column":null}},"type":"binary-expr","locations":[{"start":{"line":59,"column":17},"end":{"line":59,"column":43}},{"start":{"line":59,"column":43},"end":{"line":59,"column":null}}],"line":59},"13":{"loc":{"start":{"line":60,"column":15},"end":{"line":60,"column":null}},"type":"binary-expr","locations":[{"start":{"line":60,"column":15},"end":{"line":60,"column":33}},{"start":{"line":60,"column":33},"end":{"line":60,"column":null}}],"line":60},"14":{"loc":{"start":{"line":61,"column":19},"end":{"line":61,"column":null}},"type":"binary-expr","locations":[{"start":{"line":61,"column":19},"end":{"line":61,"column":40}},{"start":{"line":61,"column":40},"end":{"line":61,"column":null}}],"line":61},"15":{"loc":{"start":{"line":62,"column":13},"end":{"line":62,"column":null}},"type":"binary-expr","locations":[{"start":{"line":62,"column":13},"end":{"line":62,"column":28}},{"start":{"line":62,"column":28},"end":{"line":62,"column":null}}],"line":62}},"s":{"0":1,"1":6,"2":6,"3":5,"4":1,"5":0,"6":0,"7":0,"8":0,"9":1,"10":1,"11":4,"12":4,"13":1,"14":3,"15":3,"16":1,"17":1},"f":{"0":6,"1":0,"2":3},"b":{"0":[1,4],"1":[0,1],"2":[0,0],"3":[1,3],"4":[3,1],"5":[2,1],"6":[3,3,1],"7":[3,3,1],"8":[3,0],"9":[3,3],"10":[3,3],"11":[3,3],"12":[3,3],"13":[3,3],"14":[3,3],"15":[3,3]},"meta":{"lastBranch":16,"lastFunction":3,"lastStatement":18,"seen":{"s:18:20:18:Infinity":0,"f:20:22:20:76":0,"s:21:2:67:Infinity":1,"s:22:21:24:Infinity":2,"b:26:4:36:Infinity:undefined:undefined:undefined:undefined":0,"s:26:4:36:Infinity":3,"b:28:6:34:Infinity:32:13:34:Infinity":1,"s:28:6:34:Infinity":4,"s:29:21:29:Infinity":5,"f:29:49:29:56":1,"s:29:56:29:59":6,"s:30:8:30:Infinity":7,"b:30:62:30:78:30:78:30:99":2,"s:31:8:31:Infinity":8,"s:33:8:33:Infinity":9,"s:35:6:35:Infinity":10,"s:38:17:38:Infinity":11,"b:40:4:42:Infinity:undefined:undefined:undefined:undefined":3,"s:40:4:42:Infinity":12,"s:41:6:41:Infinity":13,"s:44:4:63:Infinity":14,"f:44:20:44:21":2,"s:44:37:63:6":15,"b:46:13:46:34:46:34:46:Infinity":4,"b:51:10:51:Infinity:52:10:52:Infinity":5,"b:53:16:53:35:53:35:53:53:53:53:53:Infinity":6,"b:54:17:54:43:54:43:54:56:54:56:54:Infinity":7,"b:55:14:55:30:55:30:55:Infinity":8,"b:56:21:56:52:56:52:56:Infinity":9,"b:57:18:57:46:57:46:57:Infinity":10,"b:58:16:58:41:58:41:58:Infinity":11,"b:59:17:59:43:59:43:59:Infinity":12,"b:60:15:60:33:60:33:60:Infinity":13,"b:61:19:61:40:61:40:61:Infinity":14,"b:62:13:62:28:62:28:62:Infinity":15,"s:65:4:65:Infinity":16,"s:66:4:66:Infinity":17}}}
,"/home/runner/work/zardonic-industrial/zardonic-industrial/src/lib/contact.ts": {"path":"/home/runner/work/zardonic-industrial/zardonic-industrial/src/lib/contact.ts","statementMap":{"0":{"start":{"line":4,"column":24},"end":{"line":4,"column":null}},"1":{"start":{"line":5,"column":25},"end":{"line":5,"column":null}},"2":{"start":{"line":6,"column":27},"end":{"line":6,"column":null}},"3":{"start":{"line":7,"column":27},"end":{"line":7,"column":null}},"4":{"start":{"line":10,"column":33},"end":{"line":34,"column":null}},"5":{"start":{"line":42,"column":2},"end":{"line":58,"column":null}},"6":{"start":{"line":43,"column":21},"end":{"line":47,"column":null}},"7":{"start":{"line":49,"column":19},"end":{"line":49,"column":null}},"8":{"start":{"line":51,"column":4},"end":{"line":53,"column":null}},"9":{"start":{"line":52,"column":6},"end":{"line":52,"column":null}},"10":{"start":{"line":55,"column":4},"end":{"line":55,"column":null}},"11":{"start":{"line":57,"column":4},"end":{"line":57,"column":null}}},"fnMap":{"0":{"name":"submitContactForm","decl":{"start":{"line":39,"column":22},"end":{"line":39,"column":null}},"loc":{"start":{"line":41,"column":49},"end":{"line":59,"column":null}},"line":41}},"branchMap":{"0":{"loc":{"start":{"line":51,"column":4},"end":{"line":53,"column":null}},"type":"if","locations":[{"start":{"line":51,"column":4},"end":{"line":53,"column":null}},{"start":{},"end":{}}],"line":51},"1":{"loc":{"start":{"line":52,"column":38},"end":{"line":52,"column":79}},"type":"binary-expr","locations":[{"start":{"line":52,"column":38},"end":{"line":52,"column":54}},{"start":{"line":52,"column":54},"end":{"line":52,"column":79}}],"line":52}},"s":{"0":1,"1":1,"2":1,"3":1,"4":1,"5":0,"6":0,"7":0,"8":0,"9":0,"10":0,"11":0},"f":{"0":0},"b":{"0":[0,0],"1":[0,0]},"meta":{"lastBranch":2,"lastFunction":1,"lastStatement":12,"seen":{"s:4:24:4:Infinity":0,"s:5:25:5:Infinity":1,"s:6:27:6:Infinity":2,"s:7:27:7:Infinity":3,"s:10:33:34:Infinity":4,"f:39:22:39:Infinity":0,"s:42:2:58:Infinity":5,"s:43:21:47:Infinity":6,"s:49:19:49:Infinity":7,"b:51:4:53:Infinity:undefined:undefined:undefined:undefined":0,"s:51:4:53:Infinity":8,"s:52:6:52:Infinity":9,"b:52:38:52:54:52:54:52:79":1,"s:55:4:55:Infinity":10,"s:57:4:57:Infinity":11}}}
,"/home/runner/work/zardonic-industrial/zardonic-industrial/src/lib/itunes.ts": {"path":"/home/runner/work/zardonic-industrial/zardonic-industrial/src/lib/itunes.ts","statementMap":{"0":{"start":{"line":16,"column":20},"end":{"line":16,"column":null}},"1":{"start":{"line":19,"column":2},"end":{"line":78,"column":null}},"2":{"start":{"line":20,"column":34},"end":{"line":27,"column":null}},"3":{"start":{"line":29,"column":4},"end":{"line":29,"column":null}},"4":{"start":{"line":29,"column":22},"end":{"line":29,"column":null}},"5":{"start":{"line":30,"column":4},"end":{"line":30,"column":null}},"6":{"start":{"line":30,"column":23},"end":{"line":30,"column":null}},"7":{"start":{"line":32,"column":36},"end":{"line":32,"column":null}},"8":{"start":{"line":34,"column":20},"end":{"line":34,"column":null}},"9":{"start":{"line":36,"column":24},"end":{"line":36,"column":null}},"10":{"start":{"line":38,"column":4},"end":{"line":62,"column":null}},"11":{"start":{"line":39,"column":6},"end":{"line":39,"column":null}},"12":{"start":{"line":39,"column":56},"end":{"line":39,"column":null}},"13":{"start":{"line":42,"column":12},"end":{"line":42,"column":null}},"14":{"start":{"line":43,"column":12},"end":{"line":43,"column":null}},"15":{"start":{"line":44,"column":6},"end":{"line":44,"column":null}},"16":{"start":{"line":44,"column":86},"end":{"line":44,"column":null}},"17":{"start":{"line":46,"column":27},"end":{"line":46,"column":null}},"18":{"start":{"line":48,"column":6},"end":{"line":61,"column":null}},"19":{"start":{"line":49,"column":8},"end":{"line":60,"column":null}},"20":{"start":{"line":64,"column":21},"end":{"line":64,"column":null}},"21":{"start":{"line":67,"column":4},"end":{"line":72,"column":null}},"22":{"start":{"line":68,"column":6},"end":{"line":68,"column":null}},"23":{"start":{"line":68,"column":44},"end":{"line":68,"column":null}},"24":{"start":{"line":69,"column":6},"end":{"line":69,"column":null}},"25":{"start":{"line":69,"column":26},"end":{"line":69,"column":null}},"26":{"start":{"line":70,"column":6},"end":{"line":70,"column":null}},"27":{"start":{"line":70,"column":26},"end":{"line":70,"column":null}},"28":{"start":{"line":71,"column":6},"end":{"line":71,"column":null}},"29":{"start":{"line":74,"column":4},"end":{"line":74,"column":null}},"30":{"start":{"line":76,"column":4},"end":{"line":76,"column":null}},"31":{"start":{"line":77,"column":4},"end":{"line":77,"column":null}}},"fnMap":{"0":{"name":"fetchITunesReleases","decl":{"start":{"line":18,"column":22},"end":{"line":18,"column":70}},"loc":{"start":{"line":18,"column":70},"end":{"line":79,"column":null}},"line":18},"1":{"name":"(anonymous_1)","decl":{"start":{"line":38,"column":20},"end":{"line":38,"column":21}},"loc":{"start":{"line":38,"column":36},"end":{"line":62,"column":5}},"line":38},"2":{"name":"(anonymous_2)","decl":{"start":{"line":67,"column":18},"end":{"line":67,"column":19}},"loc":{"start":{"line":67,"column":28},"end":{"line":72,"column":5}},"line":67}},"branchMap":{"0":{"loc":{"start":{"line":29,"column":4},"end":{"line":29,"column":null}},"type":"if","locations":[{"start":{"line":29,"column":4},"end":{"line":29,"column":null}},{"start":{},"end":{}}],"line":29},"1":{"loc":{"start":{"line":30,"column":4},"end":{"line":30,"column":null}},"type":"if","locations":[{"start":{"line":30,"column":4},"end":{"line":30,"column":null}},{"start":{},"end":{}}],"line":30},"2":{"loc":{"start":{"line":34,"column":25},"end":{"line":34,"column":51}},"type":"binary-expr","locations":[{"start":{"line":34,"column":25},"end":{"line":34,"column":46}},{"start":{"line":34,"column":46},"end":{"line":34,"column":51}}],"line":34},"3":{"loc":{"start":{"line":34,"column":55},"end":{"line":34,"column":80}},"type":"binary-expr","locations":[{"start":{"line":34,"column":55},"end":{"line":34,"column":77}},{"start":{"line":34,"column":77},"end":{"line":34,"column":80}}],"line":34},"4":{"loc":{"start":{"line":39,"column":6},"end":{"line":39,"column":null}},"type":"if","locations":[{"start":{"line":39,"column":6},"end":{"line":39,"column":null}},{"start":{},"end":{}}],"line":39},"5":{"loc":{"start":{"line":39,"column":10},"end":{"line":39,"column":56}},"type":"binary-expr","locations":[{"start":{"line":39,"column":10},"end":{"line":39,"column":33}},{"start":{"line":39,"column":33},"end":{"line":39,"column":56}}],"line":39},"6":{"loc":{"start":{"line":42,"column":26},"end":{"line":42,"column":50}},"type":"binary-expr","locations":[{"start":{"line":42,"column":26},"end":{"line":42,"column":46}},{"start":{"line":42,"column":46},"end":{"line":42,"column":50}}],"line":42},"7":{"loc":{"start":{"line":43,"column":32},"end":{"line":43,"column":66}},"type":"binary-expr","locations":[{"start":{"line":43,"column":32},"end":{"line":43,"column":62}},{"start":{"line":43,"column":62},"end":{"line":43,"column":66}}],"line":43},"8":{"loc":{"start":{"line":44,"column":6},"end":{"line":44,"column":null}},"type":"if","locations":[{"start":{"line":44,"column":6},"end":{"line":44,"column":null}},{"start":{},"end":{}}],"line":44},"9":{"loc":{"start":{"line":44,"column":10},"end":{"line":44,"column":86}},"type":"binary-expr","locations":[{"start":{"line":44,"column":10},"end":{"line":44,"column":46}},{"start":{"line":44,"column":46},"end":{"line":44,"column":86}}],"line":44},"10":{"loc":{"start":{"line":48,"column":6},"end":{"line":61,"column":null}},"type":"if","locations":[{"start":{"line":48,"column":6},"end":{"line":61,"column":null}},{"start":{},"end":{}}],"line":48},"11":{"loc":{"start":{"line":53,"column":12},"end":{"line":55,"column":null}},"type":"binary-expr","locations":[{"start":{"line":53,"column":12},"end":{"line":53,"column":null}},{"start":{"line":54,"column":12},"end":{"line":54,"column":null}},{"start":{"line":55,"column":12},"end":{"line":55,"column":null}}],"line":53},"12":{"loc":{"start":{"line":56,"column":23},"end":{"line":58,"column":null}},"type":"cond-expr","locations":[{"start":{"line":57,"column":14},"end":{"line":57,"column":null}},{"start":{"line":58,"column":14},"end":{"line":58,"column":null}}],"line":56},"13":{"loc":{"start":{"line":59,"column":22},"end":{"line":59,"column":null}},"type":"binary-expr","locations":[{"start":{"line":59,"column":22},"end":{"line":59,"column":49}},{"start":{"line":59,"column":49},"end":{"line":59,"column":null}}],"line":59},"14":{"loc":{"start":{"line":68,"column":6},"end":{"line":68,"column":null}},"type":"if","locations":[{"start":{"line":68,"column":6},"end":{"line":68,"column":null}},{"start":{},"end":{}}],"line":68},"15":{"loc":{"start":{"line":68,"column":10},"end":{"line":68,"column":44}},"type":"binary-expr","locations":[{"start":{"line":68,"column":10},"end":{"line":68,"column":28}},{"start":{"line":68,"column":28},"end":{"line":68,"column":44}}],"line":68},"16":{"loc":{"start":{"line":69,"column":6},"end":{"line":69,"column":null}},"type":"if","locations":[{"start":{"line":69,"column":6},"end":{"line":69,"column":null}},{"start":{},"end":{}}],"line":69},"17":{"loc":{"start":{"line":70,"column":6},"end":{"line":70,"column":null}},"type":"if","locations":[{"start":{"line":70,"column":6},"end":{"line":70,"column":null}},{"start":{},"end":{}}],"line":70}},"s":{"0":1,"1":7,"2":7,"3":6,"4":6,"5":5,"6":5,"7":5,"8":5,"9":7,"10":7,"11":9,"12":1,"13":8,"14":9,"15":9,"16":1,"17":7,"18":7,"19":6,"20":7,"21":7,"22":2,"23":0,"24":2,"25":0,"26":2,"27":0,"28":2,"29":7,"30":2,"31":2},"f":{"0":7,"1":9,"2":2},"b":{"0":[1,5],"1":[0,5],"2":[5,0],"3":[7,0],"4":[1,8],"5":[9,8],"6":[8,0],"7":[9,8],"8":[1,8],"9":[9,1],"10":[6,1],"11":[6,0,0],"12":[6,0],"13":[6,0],"14":[0,2],"15":[2,0],"16":[0,2],"17":[0,2]},"meta":{"lastBranch":18,"lastFunction":3,"lastStatement":32,"seen":{"s:16:20:16:Infinity":0,"f:18:22:18:70":0,"s:19:2:78:Infinity":1,"s:20:34:27:Infinity":2,"b:29:4:29:Infinity:undefined:undefined:undefined:undefined":0,"s:29:4:29:Infinity":3,"s:29:22:29:Infinity":4,"b:30:4:30:Infinity:undefined:undefined:undefined:undefined":1,"s:30:4:30:Infinity":5,"s:30:23:30:Infinity":6,"s:32:36:32:Infinity":7,"s:34:20:34:Infinity":8,"b:34:25:34:46:34:46:34:51":2,"b:34:55:34:77:34:77:34:80":3,"s:36:24:36:Infinity":9,"s:38:4:62:Infinity":10,"f:38:20:38:21":1,"b:39:6:39:Infinity:undefined:undefined:undefined:undefined":4,"s:39:6:39:Infinity":11,"b:39:10:39:33:39:33:39:56":5,"s:39:56:39:Infinity":12,"s:42:12:42:Infinity":13,"b:42:26:42:46:42:46:42:50":6,"s:43:12:43:Infinity":14,"b:43:32:43:62:43:62:43:66":7,"b:44:6:44:Infinity:undefined:undefined:undefined:undefined":8,"s:44:6:44:Infinity":15,"b:44:10:44:46:44:46:44:86":9,"s:44:86:44:Infinity":16,"s:46:27:46:Infinity":17,"b:48:6:61:Infinity:undefined:undefined:undefined:undefined":10,"s:48:6:61:Infinity":18,"s:49:8:60:Infinity":19,"b:53:12:53:Infinity:54:12:54:Infinity:55:12:55:Infinity":11,"b:57:14:57:Infinity:58:14:58:Infinity":12,"b:59:22:59:49:59:49:59:Infinity":13,"s:64:21:64:Infinity":20,"s:67:4:72:Infinity":21,"f:67:18:67:19":2,"b:68:6:68:Infinity:undefined:undefined:undefined:undefined":14,"s:68:6:68:Infinity":22,"b:68:10:68:28:68:28:68:44":15,"s:68:44:68:Infinity":23,"b:69:6:69:Infinity:undefined:undefined:undefined:undefined":16,"s:69:6:69:Infinity":24,"s:69:26:69:Infinity":25,"b:70:6:70:Infinity:undefined:undefined:undefined:undefined":17,"s:70:6:70:Infinity":26,"s:70:26:70:Infinity":27,"s:71:6:71:Infinity":28,"s:74:4:74:Infinity":29,"s:76:4:76:Infinity":30,"s:77:4:77:Infinity":31}}}
,"/home/runner/work/zardonic-industrial/zardonic-industrial/src/lib/odesli.ts": {"path":"/home/runner/work/zardonic-industrial/zardonic-industrial/src/lib/odesli.ts","statementMap":{"0":{"start":{"line":42,"column":2},"end":{"line":84,"column":null}},"1":{"start":{"line":43,"column":21},"end":{"line":45,"column":null}},"2":{"start":{"line":47,"column":4},"end":{"line":50,"column":null}},"3":{"start":{"line":48,"column":6},"end":{"line":48,"column":null}},"4":{"start":{"line":49,"column":6},"end":{"line":49,"column":null}},"5":{"start":{"line":52,"column":33},"end":{"line":52,"column":null}},"6":{"start":{"line":53,"column":33},"end":{"line":53,"column":null}},"7":{"start":{"line":55,"column":4},"end":{"line":57,"column":null}},"8":{"start":{"line":56,"column":6},"end":{"line":56,"column":null}},"9":{"start":{"line":58,"column":4},"end":{"line":60,"column":null}},"10":{"start":{"line":59,"column":6},"end":{"line":59,"column":null}},"11":{"start":{"line":61,"column":4},"end":{"line":63,"column":null}},"12":{"start":{"line":62,"column":6},"end":{"line":62,"column":null}},"13":{"start":{"line":64,"column":4},"end":{"line":66,"column":null}},"14":{"start":{"line":65,"column":6},"end":{"line":65,"column":null}},"15":{"start":{"line":67,"column":4},"end":{"line":69,"column":null}},"16":{"start":{"line":68,"column":6},"end":{"line":68,"column":null}},"17":{"start":{"line":70,"column":4},"end":{"line":72,"column":null}},"18":{"start":{"line":71,"column":6},"end":{"line":71,"column":null}},"19":{"start":{"line":73,"column":4},"end":{"line":75,"column":null}},"20":{"start":{"line":74,"column":6},"end":{"line":74,"column":null}},"21":{"start":{"line":76,"column":4},"end":{"line":78,"column":null}},"22":{"start":{"line":77,"column":6},"end":{"line":77,"column":null}},"23":{"start":{"line":80,"column":4},"end":{"line":80,"column":null}},"24":{"start":{"line":82,"column":4},"end":{"line":82,"column":null}},"25":{"start":{"line":83,"column":4},"end":{"line":83,"column":null}}},"fnMap":{"0":{"name":"fetchOdesliLinks","decl":{"start":{"line":41,"column":22},"end":{"line":41,"column":39}},"loc":{"start":{"line":41,"column":91},"end":{"line":85,"column":null}},"line":41}},"branchMap":{"0":{"loc":{"start":{"line":47,"column":4},"end":{"line":50,"column":null}},"type":"if","locations":[{"start":{"line":47,"column":4},"end":{"line":50,"column":null}},{"start":{},"end":{}}],"line":47},"1":{"loc":{"start":{"line":55,"column":4},"end":{"line":57,"column":null}},"type":"if","locations":[{"start":{"line":55,"column":4},"end":{"line":57,"column":null}},{"start":{},"end":{}}],"line":55},"2":{"loc":{"start":{"line":58,"column":4},"end":{"line":60,"column":null}},"type":"if","locations":[{"start":{"line":58,"column":4},"end":{"line":60,"column":null}},{"start":{},"end":{}}],"line":58},"3":{"loc":{"start":{"line":61,"column":4},"end":{"line":63,"column":null}},"type":"if","locations":[{"start":{"line":61,"column":4},"end":{"line":63,"column":null}},{"start":{},"end":{}}],"line":61},"4":{"loc":{"start":{"line":64,"column":4},"end":{"line":66,"column":null}},"type":"if","locations":[{"start":{"line":64,"column":4},"end":{"line":66,"column":null}},{"start":{},"end":{}}],"line":64},"5":{"loc":{"start":{"line":67,"column":4},"end":{"line":69,"column":null}},"type":"if","locations":[{"start":{"line":67,"column":4},"end":{"line":69,"column":null}},{"start":{},"end":{}}],"line":67},"6":{"loc":{"start":{"line":70,"column":4},"end":{"line":72,"column":null}},"type":"if","locations":[{"start":{"line":70,"column":4},"end":{"line":72,"column":null}},{"start":{},"end":{}}],"line":70},"7":{"loc":{"start":{"line":73,"column":4},"end":{"line":75,"column":null}},"type":"if","locations":[{"start":{"line":73,"column":4},"end":{"line":75,"column":null}},{"start":{},"end":{}}],"line":73},"8":{"loc":{"start":{"line":76,"column":4},"end":{"line":78,"column":null}},"type":"if","locations":[{"start":{"line":76,"column":4},"end":{"line":78,"column":null}},{"start":{},"end":{}}],"line":76}},"s":{"0":5,"1":5,"2":4,"3":1,"4":1,"5":3,"6":3,"7":3,"8":2,"9":3,"10":1,"11":3,"12":1,"13":3,"14":1,"15":3,"16":1,"17":3,"18":0,"19":3,"20":0,"21":3,"22":0,"23":3,"24":1,"25":1},"f":{"0":5},"b":{"0":[1,3],"1":[2,1],"2":[1,2],"3":[1,2],"4":[1,2],"5":[1,2],"6":[0,3],"7":[0,3],"8":[0,3]},"meta":{"lastBranch":9,"lastFunction":1,"lastStatement":26,"seen":{"f:41:22:41:39":0,"s:42:2:84:Infinity":0,"s:43:21:45:Infinity":1,"b:47:4:50:Infinity:undefined:undefined:undefined:undefined":0,"s:47:4:50:Infinity":2,"s:48:6:48:Infinity":3,"s:49:6:49:Infinity":4,"s:52:33:52:Infinity":5,"s:53:33:53:Infinity":6,"b:55:4:57:Infinity:undefined:undefined:undefined:undefined":1,"s:55:4:57:Infinity":7,"s:56:6:56:Infinity":8,"b:58:4:60:Infinity:undefined:undefined:undefined:undefined":2,"s:58:4:60:Infinity":9,"s:59:6:59:Infinity":10,"b:61:4:63:Infinity:undefined:undefined:undefined:undefined":3,"s:61:4:63:Infinity":11,"s:62:6:62:Infinity":12,"b:64:4:66:Infinity:undefined:undefined:undefined:undefined":4,"s:64:4:66:Infinity":13,"s:65:6:65:Infinity":14,"b:67:4:69:Infinity:undefined:undefined:undefined:undefined":5,"s:67:4:69:Infinity":15,"s:68:6:68:Infinity":16,"b:70:4:72:Infinity:undefined:undefined:undefined:undefined":6,"s:70:4:72:Infinity":17,"s:71:6:71:Infinity":18,"b:73:4:75:Infinity:undefined:undefined:undefined:undefined":7,"s:73:4:75:Infinity":19,"s:74:6:74:Infinity":20,"b:76:4:78:Infinity:undefined:undefined:undefined:undefined":8,"s:76:4:78:Infinity":21,"s:77:6:77:Infinity":22,"s:80:4:80:Infinity":23,"s:82:4:82:Infinity":24,"s:83:4:83:Infinity":25}}}
}
